STRG.1.1 [1035] [4073] AATATAAAATA
STRG.1.1 [1072] [1403] AGATGTCGCTG
STRG.1.1 [1073] [1404] GATGTCGCTGA
STRG.1.1 [1560] [3848] AGCGCCTGAAG
STRG.1.1 [1638] [3984] AAAATCGAACG
STRG.1.1 [3927] [374] AGCATAACCAA
STRG.1.1 [3941] [1101] GAAGGATCTGA
STRG.1.1 [4214] [3222] GGAGAAGCACT
STRG.1.1 [4822] [822] GGAACAGAAGG
STRG.1.1 [4942] [4134] TATTTATGATT
STRG.1.1 [4943] [4135] ATTTATGATTT
STRG.1.1 [5845] [127] TCTGTGTGTTC
STRG.1.1 [6611, 75366] [2142] CGTGGTGTAAA
STRG.1.1 [6612, 75367] [2143] GTGGTGTAAAT
STRG.1.1 [6741] [3811] AAACGAACGGA
STRG.1.1 [7079] [3722] AGAGGACTTGG
STRG.1.1 [8427] [1389] TTTGAAAATAA
STRG.1.1 [9092] [4512] ATTTTTTAAAT
STRG.1.1 [9093] [4513] TTTTTTAAATT
STRG.1.1 [9149, 33578, 51648] [4023] TTAAATTAAAT
STRG.1.1 [9318] [3602] TTTGTGTTCTA
STRG.1.1 [9817] [4881] CAATTAAAAAA
STRG.1.1 [11042] [1009] TTTGTGTTTTG
STRG.1.1 [11823] [4321] GTATAAACACA
STRG.1.1 [11824] [4322] TATAAACACAA
STRG.1.1 [11825] [4323] ATAAACACAAA
STRG.1.1 [11900] [4861, 5072] TTTTGCATTCT
STRG.1.1 [11901] [5073] TTTGCATTCTC
STRG.1.1 [12480] [3475] GTGTTCAGCAA
STRG.1.1 [12481] [3476] TGTTCAGCAAG
STRG.1.1 [13506] [4084] TTCATTTTTTA
STRG.1.1 [13507] [4085] TCATTTTTTAT
STRG.1.1 [13508] [4086] CATTTTTTATT
STRG.1.1 [13509] [4087] ATTTTTTATTT
STRG.1.1 [14474] [3411] ATTAAAAATCC
STRG.1.1 [15426] [61] GCTAATAATAT
STRG.1.1 [15427] [62] CTAATAATATT
STRG.1.1 [15644] [2963] GGAAACACTGC
STRG.1.1 [15645] [2964] GAAACACTGCA
STRG.1.1 [15646] [2965] AAACACTGCAG
STRG.1.1 [15806] [3700] CAAATATTAAT
STRG.1.1 [17089] [1266] GTTTTTTCCGG
STRG.1.1 [17100] [4130] TAATTATTTAT
STRG.1.1 [17101] [4131] AATTATTTATG
STRG.1.1 [17915] [4730] TCAAATTAATT
STRG.1.1 [18043] [2692] TTTCTGCGCAG
STRG.1.1 [18044] [2693] TTCTGCGCAGC
STRG.1.1 [18045] [2694] TCTGCGCAGCT
STRG.1.1 [19110] [1155] ATAGATAACCC
STRG.1.1 [19111] [1156] TAGATAACCCA
STRG.1.1 [19241] [690] GCAGCGAATCA
STRG.1.1 [19675] [1489] CGCCATATCTT
STRG.1.1 [19676] [1490] GCCATATCTTC
STRG.1.1 [19725] [1618] GCTGGCCTATC
STRG.1.1 [20090] [159] TTTATTCTCAT
STRG.1.1 [20940] [258] TTCAAAAAATT
STRG.1.1 [20964] [2007] TTACCCGAAAA
STRG.1.1 [21134] [581] CGGAGTTGAAT
STRG.1.1 [21135] [582] GGAGTTGAATT
STRG.1.1 [21136] [583] GAGTTGAATTG
STRG.1.1 [21216] [2266] TCAAAAACTTT
STRG.1.1 [21635] [256] AGTTCAAAAAA
STRG.1.1 [21869] [554] AGGGGCTTTAA
STRG.1.1 [23221] [3814] CGAACGGAGAC
STRG.1.1 [23397] [27] TGTGTGTGTTA
STRG.1.1 [23607] [4981] ATTTAATTTTA
STRG.1.1 [23868] [3993] CGGGGACAGCA
STRG.1.1 [25397] [4264] TGTAAAATATT
STRG.1.1 [25407] [4028] TTAAATTAAAC
STRG.1.1 [25686] [4394] GATAAATAATT
STRG.1.1 [26350] [4528] TTATTTTCGGT
STRG.1.1 [26391] [673] GCATACTTTCG
STRG.1.1 [27064, 27073, 27082] [718] CAGTTGGAGCA
STRG.1.1 [27250] [3728] CTTGGAATCGA
STRG.1.1 [27251] [3729] TTGGAATCGAA
STRG.1.1 [27509] [3482] GCAAGTTAATG
STRG.1.1 [27747] [3153] CAGCTGAATGC
STRG.1.1 [27748] [3154] AGCTGAATGCC
STRG.1.1 [28240, 62185] [1215] AAAAGCATAAA
STRG.1.1 [28241] [1216] AAAGCATAAAT
STRG.1.1 [28242] [1217] AAGCATAAATC
STRG.1.1 [28243] [1218] AGCATAAATCG
STRG.1.1 [30029] [239] TGGTGAGCAAA
STRG.1.1 [30643] [340] ACATATTTATT
STRG.1.1 [31054] [17] ATCGCGACTTT
STRG.1.1 [31055] [18] TCGCGACTTTG
STRG.1.1 [32832] [5015] ATTGTAAAGTA
STRG.1.1 [33500, 55355] [25] TTTGTGTGTGT
STRG.1.1 [33579] [4024] TAAATTAAATT
STRG.1.1 [33580] [4025] AAATTAAATTA
STRG.1.1 [35563] [3445] GGCCTGCAGAG
STRG.1.1 [37588] [2575] CAGCAACAAAT
STRG.1.1 [37589] [2576] AGCAACAAATG
STRG.1.1 [37882] [3450] GCAGAGGAAAA
STRG.1.1 [37883] [401] CAGAGGAAAAG
STRG.1.1 [40405] [1820] CGCAGCTGCAG
STRG.1.1 [40406] [1821] GCAGCTGCAGA
STRG.1.1 [41195] [951] TCAATCCGCCA
STRG.1.1 [41196] [952] CAATCCGCCAA
STRG.1.1 [42965] [413] GCAGCAGCCCA
STRG.1.1 [43297] [1957] TTATTGTTGGT
STRG.1.1 [43934] [4564] CCCTTACAAAA
STRG.1.1 [44266] [1578] AGAGCTGGAGA
STRG.1.1 [44289] [2543] TAATGTCAACA
STRG.1.1 [44708, 75847] [3161] TGCCGCAGCAG
STRG.1.1 [45583] [4409] TTATATAGGAA
STRG.1.1 [46140] [4333] ATACCGATAAA
STRG.1.1 [46507] [1579] GAGCTGGAGAT
STRG.1.1 [46508] [1580] AGCTGGAGATG
STRG.1.1 [47333] [2911] GTGCTCGGATT
STRG.1.1 [47948] [2522] ATTTGCCAAAA
STRG.1.1 [49339] [3410] AATTAAAAATC
STRG.1.1 [49442] [2069] TGTGTGGAAGG
STRG.1.1 [50156] [2579] AACAAATGCCA
STRG.1.1 [50265] [1384] TGACCTTTGAA
STRG.1.1 [51057] [315] GAATAAATACG
STRG.1.1 [51664] [3275] CACGTCCAGAG
STRG.1.1 [52059] [606] ACTTTGTTAAA
STRG.1.1 [52060] [607] CTTTGTTAAAC
STRG.1.1 [52061] [608] TTTGTTAAACA
STRG.1.1 [53502] [4277] AACGCAACCTG
STRG.1.1 [54320] [3127] TTTTATCAGTA
STRG.1.1 [54321] [3128] TTTATCAGTAC
STRG.1.1 [54410] [4676] AATTTGTTGTA
STRG.1.1 [54761] [1179] AATGTTAATTA
STRG.1.1 [55990] [2695] CTGCGCAGCTT
STRG.1.1 [56350, 78700] [4518] TAAATTTCTTT
STRG.1.1 [56351, 78701] [4519] AAATTTCTTTT
STRG.1.1 [57162] [1172] GCCGTCGAATG
STRG.1.1 [57163] [1173] CCGTCGAATGT
STRG.1.1 [57695] [699] CAATTAATTCT
STRG.1.1 [57819, 93881] [3576] GACCATTTAAA
STRG.1.1 [57820, 93882] [3577] ACCATTTAAAT
STRG.1.1 [58047] [4879] TGCAATTAAAA
STRG.1.1 [58049] [2718] CAATTAAAACA
STRG.1.1 [58292] [4399] ATAATTCAAAT
STRG.1.1 [60427] [3155] GCTGAATGCCG
STRG.1.1 [61020] [1577] AAGAGCTGGAG
STRG.1.1 [61819] [3024] GGAGAGGCGGA
STRG.1.1 [62883] [2327] AGGAGAGCAGC
STRG.1.1 [63673] [3711] ATTTCTAATTT
STRG.1.1 [63674] [3712] TTTCTAATTTA
STRG.1.1 [64058, 97333] [4358] TTTAATAAATT
STRG.1.1 [64059] [4359] TTAATAAATTG
STRG.1.1 [64060] [4360] TAATAAATTGT
STRG.1.1 [64369] [4857] TAATTTTTGCA
STRG.1.1 [64370, 66926] [4858] AATTTTTGCAT
STRG.1.1 [64371, 66927] [4859] ATTTTTGCATT
STRG.1.1 [64434] [4980] AATTTAATTTT
STRG.1.1 [64807] [2886] AAATATAAGCT
STRG.1.1 [65072] [4761] AAATTGCAAAC
STRG.1.1 [65160] [1180] ATGTTAATTAT
STRG.1.1 [65797] [3821] AGACAACAAAA
STRG.1.1 [65882] [3786, 3961] ATAATTACAAA
STRG.1.1 [66891] [451] ACCTTTTTGCT
STRG.1.1 [67120] [4052] AAACAGAAATG
STRG.1.1 [67121] [4053] AACAGAAATGA
STRG.1.1 [67158] [215] GAATACATACA
STRG.1.1 [67760] [84] ATAAAACAGAT
STRG.1.1 [67909] [3197] TTCGTCACTTT
STRG.1.1 [68091] [4732] AAATTAATTGT
STRG.1.1 [68905] [1927] AAATAGCATTC
STRG.1.1 [68906] [1928] AATAGCATTCT
STRG.1.1 [68907] [1929] ATAGCATTCTG
STRG.1.1 [69990] [2117] CGGAGAAGCAA
STRG.1.1 [69991] [2118] GGAGAAGCAAT
STRG.1.1 [69992] [2119] GAGAAGCAATT
STRG.1.1 [70755] [4901] TTATGAGTTTT
STRG.1.1 [71574] [3225] GAAGCACTGTA
STRG.1.1 [71698] [2389] TTCGCAAGGGT
STRG.1.1 [73215] [4393] GGATAAATAAT
STRG.1.1 [73447] [3661] CCAACAAAGCC
STRG.1.1 [73448] [3662] CAACAAAGCCA
STRG.1.1 [73449] [3663] AACAAAGCCAG
STRG.1.1 [73450] [3664] ACAAAGCCAGT
STRG.1.1 [73694] [3158] GAATGCCGCAG
STRG.1.1 [73695] [3159] AATGCCGCAGC
STRG.1.1 [73696] [3160] ATGCCGCAGCA
STRG.1.1 [73990] [688] CGGCAGCGAAT
STRG.1.1 [74792] [3474] AGTGTTCAGCA
STRG.1.1 [75339] [3580] ATTTAAATATG
STRG.1.1 [75340] [3581] TTTAAATATGA
STRG.1.1 [76433] [3780] AAATCTATAAT
STRG.1.1 [76796] [584] AGTTGAATTGT
STRG.1.1 [76797] [585] GTTGAATTGTA
STRG.1.1 [76894] [4536] GGTTAAAATAT
STRG.1.1 [76895] [4537] GTTAAAATATT
STRG.1.1 [76896] [4538] TTAAAATATTG
STRG.1.1 [78049] [2405] GACCAGGACCA
STRG.1.1 [78092] [4240] TAAAAGTTGAC
STRG.1.1 [78702] [4520] AATTTCTTTTA
STRG.1.1 [78703] [4521] ATTTCTTTTAT
STRG.1.1 [78704, 85534] [4522] TTTCTTTTATT
STRG.1.1 [78705, 85535] [4523] TTCTTTTATTT
STRG.1.1 [79105] [1487] AGCGCCATATC
STRG.1.1 [79968] [1035] GCATCTGTCCA
STRG.1.1 [81083] [4897] GTTTTTATGAG
STRG.1.1 [81084] [4898] TTTTTATGAGT
STRG.1.1 [81636] [2147] TGTAAATATAT
STRG.1.1 [82199] [2651] GTCGGCAAGTG
STRG.1.1 [83423] [2288] TCATCGCTGCA
STRG.1.1 [84048] [2297] CACTTTAAACC
STRG.1.1 [84049] [2298] ACTTTAAACCC
STRG.1.1 [84050] [2299] CTTTAAACCCA
STRG.1.1 [84051] [2300] TTTAAACCCAA
STRG.1.1 [84312] [187] AGAACAGTGCG
STRG.1.1 [84683] [3892] CTACTAATTAT
STRG.1.1 [84684] [3893] TACTAATTATT
STRG.1.1 [85205] [1764] ATTTATAATTT
STRG.1.1 [85536] [4524] TCTTTTATTTT
STRG.1.1 [85537] [4525] CTTTTATTTTC
STRG.1.1 [85667] [2182] CAGCCAGCATA
STRG.1.1 [85668] [2183] AGCCAGCATAA
STRG.1.1 [85959] [586] TTGAATTGTAC
STRG.1.1 [87317] [4955] CTTCAAGTACT
STRG.1.1 [90601] [3759] AGTACTAGTTC
STRG.1.1 [90602] [3760] GTACTAGTTCT
STRG.1.1 [91687] [989] AGTTGCATACA
STRG.1.1 [91688] [990] GTTGCATACAA
STRG.1.1 [93769] [3185] CATTAATGGAG
STRG.1.1 [93880] [3575] CGACCATTTAA
STRG.1.1 [95206] [477] CAGCATGGCTT
STRG.1.1 [95207] [478] AGCATGGCTTT
STRG.1.1 [95782] [361] AACCCACCACA
STRG.1.1 [95783] [362] ACCCACCACAA
STRG.1.1 [96032] [861] ACATTTACCAT
STRG.1.1 [96801] [2923] GCCGCATCCAT
STRG.1.1 [97332] [4357] ATTTAATAAAT
STRG.1.1 [98072] [202] TTTCTCAACAT
STRG.1.1 [98800] [408] AAAGGGCAGCA
STRG.1.1 [99762] [2749] TTTCTATTTTT
STRG.2.1 [166] [553] TTTGCGCTGCC
STRG.2.1 [323] [3227] AGGAGAAGAAA
STRG.2.1 [982] [737] AAATATAGCAA
STRG.2.1 [1215] [410] AAGGCGAACTG
STRG.2.1 [1505] [2218] AACGCCATCAA
STRG.2.1 [1801] [3713] CACACGAAAAT
STRG.2.1 [3709] [2084] GCTGGCTGACT
STRG.2.1 [4903] [3245] TTCCCTAAAAG
STRG.2.1 [4904] [3246] TCCCTAAAAGA
STRG.2.1 [4905] [3247] CCCTAAAAGAT
STRG.2.1 [5396] [1619] GGAGGATGAAG
STRG.2.1 [5532] [2412] CAACAACAAGA
STRG.2.1 [6886] [1365] AGCAATCCAGG
STRG.2.1 [7866] [2057] ATCGCAGGCGA
STRG.2.1 [10015] [1861] CAGAAAACTGT
STRG.2.1 [10676] [835] CAGCAACCCAA
STRG.2.1 [11270] [2691] GAAGTATTTCC
STRG.2.1 [12059] [68] AAGTGAATAAA
STRG.2.1 [12318] [2843] GAAAGAAAATC
STRG.2.1 [12319] [2844] AAAGAAAATCC
STRG.2.1 [12320] [2845] AAGAAAATCCC
STRG.2.1 [12657] [3083] TCAGCTGAAGC
STRG.2.1 [14144] [3264] TGGGAGCGAAC
STRG.2.1 [14406] [961] TGGAGCTGGCC
STRG.2.1 [15887] [3437] CACCAACGCCC
STRG.2.1 [17225, 37935] [2409] CAGCAACAACA
STRG.2.1 [17635] [1432] CATTAAACAAC
STRG.2.1 [17636] [1433] ATTAAACAACA
STRG.2.1 [19564] [476] TTGACGCTTTG
STRG.2.1 [20844, 81690] [773] CTTTCTCCTTA
STRG.2.1 [21992] [50] GTGGCAGAAGT
STRG.2.1 [22942] [887] ATTTCGCCCCA
STRG.2.1 [24272] [2399] ACTCCTTAAGC
STRG.2.1 [25632] [1310] CGTGACAGATA
STRG.2.1 [28356] [435] GTGTGTGTGTC
STRG.2.1 [29005] [624] CTGAAGGATAA
STRG.2.1 [29126, 33520, 34161, 55339] [434] AGTGTGTGTGT
STRG.2.1 [29591] [412] GGCGAACTGCA
STRG.2.1 [29871] [2785] CACCCACAAGT
STRG.2.1 [32808] [185] AAACATAGCAT
STRG.2.1 [35516] [2476] TTAATTTAGAA
STRG.2.1 [36026] [1605] CCAAAAAAGAA
STRG.2.1 [36027] [1606] CAAAAAAGAAA
STRG.2.1 [36028] [1607] AAAAAAGAAAA
STRG.2.1 [36223] [1685] TAAGACAAAGT
STRG.2.1 [37934] [2408] GCAGCAACAAC
STRG.2.1 [37936] [2410] AGCAACAACAA
STRG.2.1 [39515] [2659] ACAGCGGATCC
STRG.2.1 [39516] [2660] CAGCGGATCCC
STRG.2.1 [42038] [3297] AGAAACCGCCG
STRG.2.1 [42039] [3298] GAAACCGCCGA
STRG.2.1 [42040] [3299] AAACCGCCGAG
STRG.2.1 [42134] [514] TTCGTAACATG
STRG.2.1 [42135] [515] TCGTAACATGG
STRG.2.1 [42136] [516] CGTAACATGGA
STRG.2.1 [42576] [2777] AAAGCAGGCAC
STRG.2.1 [42607] [2732] AAAGAAAAGTG
STRG.2.1 [43556] [2186] TCACAAAAAGG
STRG.2.1 [43588] [1893] AAAAGTTCAAA
STRG.2.1 [43906] [2343] CTTTTTTCGCA
STRG.2.1 [46700] [1651] TGCCACAGCTA
STRG.2.1 [46701] [1652] GCCACAGCTAA
STRG.2.1 [49912, 63118] [598] GTGTGTTTATT
STRG.2.1 [50617] [1916] AATGTCAGACA
STRG.2.1 [51779] [418] CTGCATTGCAA
STRG.2.1 [51971] [1819] TGTTGATGCTT
STRG.2.1 [52220] [556] GCGCTGCCAAC
STRG.2.1 [53092] [2519] TGCAGTCGATC
STRG.2.1 [53093] [2520] GCAGTCGATCC
STRG.2.1 [54005] [850] CACACCGACAC
STRG.2.1 [55459] [1576] CACTGCCAGAG
STRG.2.1 [55460] [1577] ACTGCCAGAGC
STRG.2.1 [55648] [2377] CTATTAATGAA
STRG.2.1 [55729] [746] AAAACATACTC
STRG.2.1 [56752] [1745] GTCAACGTCAA
STRG.2.1 [57502] [1970] ATATTTGGCCC
STRG.2.1 [57552] [1005] TCCTCATCCTC
STRG.2.1 [57649] [992] CTTGGCTGCAT
STRG.2.1 [58090] [1220] GAAAGGAGTAA
STRG.2.1 [59602] [1229] AATAAACTTCA
STRG.2.1 [61224] [1423] TTAAAAACACA
STRG.2.1 [61225] [1424] TAAAAACACAT
STRG.2.1 [61226] [1425] AAAAACACATT
STRG.2.1 [61264] [1932] CTTCTTCAAGA
STRG.2.1 [63115] [595] AAAGTGTGTTT
STRG.2.1 [63116] [596] AAGTGTGTTTA
STRG.2.1 [63117] [597] AGTGTGTTTAT
STRG.2.1 [63671] [1753] CAATTTCTAAT
STRG.2.1 [64759] [774] TTTCTCCTTAG
STRG.2.1 [66137] [1968] CCATATTTGGC
STRG.2.1 [66819, 78321] [1604] GCCAAAAAAGA
STRG.2.1 [66980] [2595] AATTTTAAAAG
STRG.2.1 [67946] [800] TGCGAGGGAAG
STRG.2.1 [68776] [1344] GTTCTTATTTC
STRG.2.1 [68945] [603] TTTATTTTTAA
STRG.2.1 [69567] [864, 1275] GAAGTCCAAGC
STRG.2.1 [69568] [1276] AAGTCCAAGCA
STRG.2.1 [69569] [1277] AGTCCAAGCAG
STRG.2.1 [71600] [3316] AATCAAAGATT
STRG.2.1 [73735] [2945] CAAAGCTGCGC
STRG.2.1 [73899] [918] GAGTCCGGAAA
STRG.2.1 [74403] [731] GCTTTCAAATA
STRG.2.1 [74404] [732] CTTTCAAATAT
STRG.2.1 [80350] [413] GCGAACTGCAT
STRG.2.1 [80351] [414] CGAACTGCATT
STRG.2.1 [80352] [415] GAACTGCATTG
STRG.2.1 [81039] [3588] TGGAAAATATT
STRG.2.1 [83088] [2125] CAGAAACGTCG
STRG.2.1 [85221] [3149] TGCAGCAGAAT
STRG.2.1 [87235] [1394] TAATTTGTTTC
STRG.2.1 [87442] [3284] TTCTTCATCAT
STRG.2.1 [89392] [2670] CCAAATGAAAA
STRG.2.1 [90135] [1272] CCTGAAGTCCA
STRG.2.1 [94307] [689] GCTCTGCAAAT
STRG.2.1 [94466] [872] AGCGGAAATCG
STRG.2.1 [94467] [873] GCGGAAATCGA
STRG.2.1 [97320] [1063] GGAGACGCAAC
STRG.2.1 [97321] [1064] GAGACGCAACA
STRG.2.1 [98181] [2187] CACAAAAAGGC
STRG.2.1 [98966] [2671] CAAATGAAAAG
STRG.2.1 [99624] [2206] TGCCAACTGTC
STRG.2.1 [99833] [3282] AGTTCTTCATC
STRG.2.2 [166] [553] TTTGCGCTGCC
STRG.2.2 [323] [3227] AGGAGAAGAAA
STRG.2.2 [982] [737] AAATATAGCAA
STRG.2.2 [1215] [410] AAGGCGAACTG
STRG.2.2 [1505] [2218] AACGCCATCAA
STRG.2.2 [1801] [3713] CACACGAAAAT
STRG.2.2 [3709] [2084] GCTGGCTGACT
STRG.2.2 [4903] [3245] TTCCCTAAAAG
STRG.2.2 [4904] [3246] TCCCTAAAAGA
STRG.2.2 [4905] [3247] CCCTAAAAGAT
STRG.2.2 [5396] [1619] GGAGGATGAAG
STRG.2.2 [5532] [2412] CAACAACAAGA
STRG.2.2 [6886] [1365] AGCAATCCAGG
STRG.2.2 [7866] [2057] ATCGCAGGCGA
STRG.2.2 [8037] [3909] AGATATTTATT
STRG.2.2 [8038] [3910] GATATTTATTT
STRG.2.2 [10015] [1861] CAGAAAACTGT
STRG.2.2 [10380] [3876] AATCCAGAATA
STRG.2.2 [10381] [3877] ATCCAGAATAT
STRG.2.2 [10676] [835] CAGCAACCCAA
STRG.2.2 [11270] [2691] GAAGTATTTCC
STRG.2.2 [12059] [68] AAGTGAATAAA
STRG.2.2 [12318] [2843] GAAAGAAAATC
STRG.2.2 [12319] [2844] AAAGAAAATCC
STRG.2.2 [12320] [2845] AAGAAAATCCC
STRG.2.2 [12657] [3083] TCAGCTGAAGC
STRG.2.2 [14144] [3264] TGGGAGCGAAC
STRG.2.2 [14406] [961] TGGAGCTGGCC
STRG.2.2 [15887] [3437] CACCAACGCCC
STRG.2.2 [17225, 37935] [2409] CAGCAACAACA
STRG.2.2 [17635] [1432] CATTAAACAAC
STRG.2.2 [17636] [1433] ATTAAACAACA
STRG.2.2 [19564] [476] TTGACGCTTTG
STRG.2.2 [20844, 81690] [773] CTTTCTCCTTA
STRG.2.2 [21992] [50] GTGGCAGAAGT
STRG.2.2 [22942] [887] ATTTCGCCCCA
STRG.2.2 [24272] [2399] ACTCCTTAAGC
STRG.2.2 [25632] [1310] CGTGACAGATA
STRG.2.2 [28356] [435] GTGTGTGTGTC
STRG.2.2 [29005] [624] CTGAAGGATAA
STRG.2.2 [29126, 33520, 34161, 55339] [434] AGTGTGTGTGT
STRG.2.2 [29591] [412] GGCGAACTGCA
STRG.2.2 [29871] [2785] CACCCACAAGT
STRG.2.2 [31722] [3937] TCTAAGCTGTA
STRG.2.2 [32808] [185] AAACATAGCAT
STRG.2.2 [35516] [2476] TTAATTTAGAA
STRG.2.2 [36026] [1605] CCAAAAAAGAA
STRG.2.2 [36027] [1606] CAAAAAAGAAA
STRG.2.2 [36028] [1607] AAAAAAGAAAA
STRG.2.2 [36223] [1685] TAAGACAAAGT
STRG.2.2 [37934] [2408] GCAGCAACAAC
STRG.2.2 [37936] [2410] AGCAACAACAA
STRG.2.2 [39515] [2659] ACAGCGGATCC
STRG.2.2 [39516] [2660] CAGCGGATCCC
STRG.2.2 [42038] [3297] AGAAACCGCCG
STRG.2.2 [42039] [3298] GAAACCGCCGA
STRG.2.2 [42040] [3299] AAACCGCCGAG
STRG.2.2 [42134] [514] TTCGTAACATG
STRG.2.2 [42135] [515] TCGTAACATGG
STRG.2.2 [42136] [516] CGTAACATGGA
STRG.2.2 [42576] [2777] AAAGCAGGCAC
STRG.2.2 [42607] [2732] AAAGAAAAGTG
STRG.2.2 [43556] [2186] TCACAAAAAGG
STRG.2.2 [43588] [1893] AAAAGTTCAAA
STRG.2.2 [43858] [3772] AAAATTTCCTT
STRG.2.2 [43906] [2343] CTTTTTTCGCA
STRG.2.2 [46700] [1651] TGCCACAGCTA
STRG.2.2 [46701] [1652] GCCACAGCTAA
STRG.2.2 [49912, 63118] [598] GTGTGTTTATT
STRG.2.2 [50113] [3767] TTGAAAAAATT
STRG.2.2 [50617] [1916] AATGTCAGACA
STRG.2.2 [51779] [418] CTGCATTGCAA
STRG.2.2 [51971] [1819] TGTTGATGCTT
STRG.2.2 [52220] [556] GCGCTGCCAAC
STRG.2.2 [53092] [2519] TGCAGTCGATC
STRG.2.2 [53093] [2520] GCAGTCGATCC
STRG.2.2 [54005] [850] CACACCGACAC
STRG.2.2 [55459] [1576] CACTGCCAGAG
STRG.2.2 [55460] [1577] ACTGCCAGAGC
STRG.2.2 [55648] [2377] CTATTAATGAA
STRG.2.2 [55729] [746] AAAACATACTC
STRG.2.2 [56752] [1745] GTCAACGTCAA
STRG.2.2 [57502] [1970] ATATTTGGCCC
STRG.2.2 [57552] [1005] TCCTCATCCTC
STRG.2.2 [57649] [992] CTTGGCTGCAT
STRG.2.2 [58090] [1220] GAAAGGAGTAA
STRG.2.2 [59602] [1229] AATAAACTTCA
STRG.2.2 [61224] [1423] TTAAAAACACA
STRG.2.2 [61225] [1424] TAAAAACACAT
STRG.2.2 [61226] [1425] AAAAACACATT
STRG.2.2 [61264] [1932] CTTCTTCAAGA
STRG.2.2 [63115] [595] AAAGTGTGTTT
STRG.2.2 [63116] [596] AAGTGTGTTTA
STRG.2.2 [63117] [597] AGTGTGTTTAT
STRG.2.2 [63671] [1753] CAATTTCTAAT
STRG.2.2 [64759] [774] TTTCTCCTTAG
STRG.2.2 [66137] [1968] CCATATTTGGC
STRG.2.2 [66819, 78321] [1604] GCCAAAAAAGA
STRG.2.2 [66980] [2595] AATTTTAAAAG
STRG.2.2 [67946] [800] TGCGAGGGAAG
STRG.2.2 [68776] [1344] GTTCTTATTTC
STRG.2.2 [68945] [603] TTTATTTTTAA
STRG.2.2 [69567] [864, 1275] GAAGTCCAAGC
STRG.2.2 [69568] [1276] AAGTCCAAGCA
STRG.2.2 [69569] [1277] AGTCCAAGCAG
STRG.2.2 [71600] [3316] AATCAAAGATT
STRG.2.2 [73735] [2945] CAAAGCTGCGC
STRG.2.2 [73899] [918] GAGTCCGGAAA
STRG.2.2 [74403] [731] GCTTTCAAATA
STRG.2.2 [74404] [732] CTTTCAAATAT
STRG.2.2 [75446] [3744] ATTTAAAGAAT
STRG.2.2 [80350] [413] GCGAACTGCAT
STRG.2.2 [80351] [414] CGAACTGCATT
STRG.2.2 [80352] [415] GAACTGCATTG
STRG.2.2 [81039] [3588] TGGAAAATATT
STRG.2.2 [83088] [2125] CAGAAACGTCG
STRG.2.2 [85221] [3149] TGCAGCAGAAT
STRG.2.2 [87235] [1394] TAATTTGTTTC
STRG.2.2 [87442] [3284] TTCTTCATCAT
STRG.2.2 [89392] [2670] CCAAATGAAAA
STRG.2.2 [90135] [1272] CCTGAAGTCCA
STRG.2.2 [93660] [3774] AATTTCCTTAC
STRG.2.2 [94307] [689] GCTCTGCAAAT
STRG.2.2 [94466] [872] AGCGGAAATCG
STRG.2.2 [94467] [873] GCGGAAATCGA
STRG.2.2 [97320] [1063] GGAGACGCAAC
STRG.2.2 [97321] [1064] GAGACGCAACA
STRG.2.2 [98181] [2187] CACAAAAAGGC
STRG.2.2 [98966] [2671] CAAATGAAAAG
STRG.2.2 [99624] [2206] TGCCAACTGTC
STRG.2.2 [99833] [3282] AGTTCTTCATC
STRG.4.1 [253] [2101] TTTTGTTTTGC
STRG.4.1 [1073] [172] GATGTCGCTGA
STRG.4.1 [4320] [2312] CAAAAGTGGTG
STRG.4.1 [5606] [1455] GAATTTGATTT
STRG.4.1 [5607, 43255] [1456] AATTTGATTTT
STRG.4.1 [5608] [1457] ATTTGATTTTA
STRG.4.1 [6299, 63374] [1337] CTTTAATGTAC
STRG.4.1 [7243] [384] TTGTAGGTATT
STRG.4.1 [8314] [2628] CAGAAGGTACA
STRG.4.1 [8315] [2629] AGAAGGTACAT
STRG.4.1 [8316] [2630] GAAGGTACATT
STRG.4.1 [8317] [2631] AAGGTACATTA
STRG.4.1 [9714] [1959] ATAAAAACAAT
STRG.4.1 [10016] [221] AGAAAACTGTT
STRG.4.1 [10017] [222] GAAAACTGTTG
STRG.4.1 [11405] [108] GCCACAGCAAT
STRG.4.1 [11406] [109] CCACAGCAATT
STRG.4.1 [11407] [110] CACAGCAATTG
STRG.4.1 [11801] [2661] AAAAGAAAACT
STRG.4.1 [11898] [1527] GCTTTTGCATT
STRG.4.1 [11899] [1528] CTTTTGCATTC
STRG.4.1 [11900] [1529] TTTTGCATTCT
STRG.4.1 [11921] [2039] ACATATTTTGA
STRG.4.1 [12021] [486] CACTGGCGACA
STRG.4.1 [12469] [862] TAAATTCATTT
STRG.4.1 [13133] [2735] TCTTTAAATAG
STRG.4.1 [13562] [19] TAAAAGCCAAG
STRG.4.1 [14052] [499] AATCCTGCTTT
STRG.4.1 [16107] [2623] TACACCAGAAG
STRG.4.1 [16140, 45671] [1591] ATACATATGTA
STRG.4.1 [16141, 45672] [1592] TACATATGTAT
STRG.4.1 [16153] [2030] TACATGTGTAC
STRG.4.1 [18237] [1945] ATGCTAATAAT
STRG.4.1 [18238] [1946] TGCTAATAATT
STRG.4.1 [18239] [1947] GCTAATAATTA
STRG.4.1 [20697] [1967] AATATTTTATT
STRG.4.1 [22246] [1418] GTGTGCCTTTA
STRG.4.1 [22247] [1419] TGTGCCTTTAG
STRG.4.1 [22501] [670] CTGTGCGAACA
STRG.4.1 [23557] [2094] ACTGATATTTT
STRG.4.1 [24402] [137, 852] TTACGCACTTT
STRG.4.1 [24403] [853] TACGCACTTTA
STRG.4.1 [26629] [2087] TTTTCAAACTG
STRG.4.1 [27037] [174] TGTCGCTGATG
STRG.4.1 [27286] [1865] CGTTGCTATTG
STRG.4.1 [29316] [349] GCAATAAAATC
STRG.4.1 [31128] [1934] TTAAAAGTTTG
STRG.4.1 [31617] [2716] TTCAACCAAAT
STRG.4.1 [31618] [2717] TCAACCAAATC
STRG.4.1 [31619] [2718] CAACCAAATCG
STRG.4.1 [36101, 46191] [1958] AATAAAAACAA
STRG.4.1 [36706] [1728] GCAAAGCAATT
STRG.4.1 [38189] [198] AGTGTGTTGTG
STRG.4.1 [40219] [924] CCCTCCGCCTG
STRG.4.1 [42397] [2584] TCTGCTGTCTA
STRG.4.1 [42934] [304] AAAATCAATGT
STRG.4.1 [43046] [2183] TGTACATACAT
STRG.4.1 [43047] [2184] GTACATACATA
STRG.4.1 [43664] [505] GCTTTAAAATC
STRG.4.1 [44017] [297] TAGCTGCAAAA
STRG.4.1 [45449] [2776] AGACTCCAGCC
STRG.4.1 [51144] [2374] TTCTGCTTTTG
STRG.4.1 [52348, 71378] [532] ACACAACTCAT
STRG.4.1 [53450] [488] CTGGCGACACC
STRG.4.1 [54910] [2243] TTCATTCATTT
STRG.4.1 [54913] [150, 865] ATTCATTTCCA
STRG.4.1 [56560] [1222] TTATTGCCGTC
STRG.4.1 [56561] [1223] TATTGCCGTCA
STRG.4.1 [56562] [1224] ATTGCCGTCAT
STRG.4.1 [58050] [572] AATTAAAACAA
STRG.4.1 [59990] [2211] CAAGTTTTTAA
STRG.4.1 [60208] [466] AAAGCTTTAAA
STRG.4.1 [60994] [2707] GGAAATTTTTT
STRG.4.1 [61222] [470] CTTTAAAAACA
STRG.4.1 [61223] [471] TTTAAAAACAC
STRG.4.1 [61224] [472] TTAAAAACACA
STRG.4.1 [61225] [473] TAAAAACACAT
STRG.4.1 [61226] [474] AAAAACACATT
STRG.4.1 [64770] [1112] ACGGCGCTTGA
STRG.4.1 [65762] [1626] ATGTATATTCT
STRG.4.1 [65763] [1627] TGTATATTCTT
STRG.4.1 [67160] [1374] ATACATACACA
STRG.4.1 [67161] [1375] TACATACACAT
STRG.4.1 [67291, 83132] [1092] TGAAATCGAAA
STRG.4.1 [68812] [2192] ATATTTACATT
STRG.4.1 [70542] [1087] GGCAATGAAAT
STRG.4.1 [70919, 95826] [2677] GCTGAATAATT
STRG.4.1 [71379] [533] CACAACTCATT
STRG.4.1 [71380] [534] ACAACTCATTT
STRG.4.1 [73083] [1037] CCGATGCATTG
STRG.4.1 [73084] [1038] CGATGCATTGG
STRG.4.1 [74116] [1787] TCCTGGCTTCG
STRG.4.1 [74730] [479] CACATTGCACT
STRG.4.1 [74731] [480] ACATTGCACTG
STRG.4.1 [74732] [481] CATTGCACTGG
STRG.4.1 [75386] [2106] TTTTGCACATT
STRG.4.1 [77307] [695] CCCCACAACGC
STRG.4.1 [79311] [347] CGGCAATAAAA
STRG.4.1 [80917] [2248] TCATTTTCCTG
STRG.4.1 [80918] [2249] CATTTTCCTGC
STRG.4.1 [81450] [992] ACAGTCTGCAC
STRG.4.1 [81451] [993] CAGTCTGCACC
STRG.4.1 [81452] [994] AGTCTGCACCC
STRG.4.1 [81604] [84] TACGTATATAA
STRG.4.1 [82049] [1982] AAGTATATGTT
STRG.4.1 [82123] [1600] TATCTACATTA
STRG.4.1 [83130] [1090] AATGAAATCGA
STRG.4.1 [83131] [1091] ATGAAATCGAA
STRG.4.1 [83357] [1984] GTATATGTTCT
STRG.4.1 [84171] [2764] ATTTTCGTGTG
STRG.4.1 [86973] [1372] ATATACATACA
STRG.4.1 [87308] [1861] AAAACGTTGCT
STRG.4.1 [89009] [1340] TAATGTACGAG
STRG.4.1 [93600] [1953] AATTAAATAAA
STRG.4.1 [93601] [1954] ATTAAATAAAA
STRG.4.1 [93602] [1955] TTAAATAAAAA
STRG.4.1 [93603] [1956] TAAATAAAAAC
STRG.4.1 [95215] [2251] TTTTCCTGCTG
STRG.4.1 [96828] [1272] ATGCAAATGCG
STRG.4.1 [97040] [1829] ATGATGGAAAT
STRG.4.1 [97058] [20] AAAAGCCAAGA
STRG.4.1 [97059] [21] AAAGCCAAGAC
STRG.4.1 [98258] [1937] AAAGTTTGATG
STRG.3.2 [1220] [343] GAACTGTTTCG
STRG.3.2 [1555] [327] CATCAAGCGCC
STRG.3.2 [5780] [1366] ATTGCATTCCA
STRG.3.2 [8853] [1797] ATACAATATTT
STRG.3.2 [8934] [573] GGATGGAAATG
STRG.3.2 [10971] [871] GAGTTTTCCAT
STRG.3.2 [11072] [1581] TTTTAAATATA
STRG.3.2 [11073] [1582] TTTAAATATAA
STRG.3.2 [12064] [1767] AATAAAAAAGT
STRG.3.2 [12065] [1768] ATAAAAAAGTG
STRG.3.2 [12066] [1769] TAAAAAAGTGA
STRG.3.2 [12590] [1683] CAAAAATATGC
STRG.3.2 [15128] [123] ATTGCACCAAA
STRG.3.2 [21213] [385] GTGTCAAAAAC
STRG.3.2 [22521] [1419] AAAGGCGGTGG
STRG.3.2 [25248] [1580] ATTTTAAATAT
STRG.3.2 [25711] [1017] GCGAACTTTGG
STRG.3.2 [25712] [1018] CGAACTTTGGT
STRG.3.2 [25716] [370] CTTTGGTTGCG
STRG.3.2 [27402] [353] GATTTCATTGC
STRG.3.2 [29366] [410] ATCGGAAGGCA
STRG.3.2 [29367] [411] TCGGAAGGCAG
STRG.3.2 [31210] [1811] TTAATAAATAA
STRG.3.2 [34272] [369] GCTTTGGTTGC
STRG.3.2 [34378] [1716] CTTTAGTGAGT
STRG.3.2 [34379] [1717] TTTAGTGAGTA
STRG.3.2 [36878] [777] ACAAAACTATA
STRG.3.2 [42997] [1304] TACTTCCCCAC
STRG.3.2 [42998] [1305] ACTTCCCCACT
STRG.3.2 [42999] [1306] CTTCCCCACTC
STRG.3.2 [43048] [55] TACATACATAC
STRG.3.2 [43049] [56] ACATACATACA
STRG.3.2 [43050] [53, 57] CATACATACAT
STRG.3.2 [50813] [1444] TGGCTTAATGG
STRG.3.2 [51305] [1339] GGGCAGGACAT
STRG.3.2 [54822] [1395] GAAAGCAAGCA
STRG.3.2 [55743] [722] TGGTTTATAAC
STRG.3.2 [59519] [301] ATCGAACGAAG
STRG.3.2 [59520] [302] TCGAACGAAGT
STRG.3.2 [61142] [246] CTCGGTTCGCG
STRG.3.2 [62384] [1199] ACAATAGTTCG
STRG.3.2 [63235] [1813] AATAAATAAAA
STRG.3.2 [65755] [961] TATAGGGATGT
STRG.3.2 [67355] [1433] GTAGGAATGCC
STRG.3.2 [72383] [330] CAAGCGCCGTT
STRG.3.2 [76080] [431] TTGCAGCCATT
STRG.3.2 [77257] [1815] TAAATAAAATT
STRG.3.2 [80638] [467] ATATGGATGCC
STRG.3.2 [80639] [468] TATGGATGCCT
STRG.3.2 [81042] [624] AAAATATTTTA
STRG.3.2 [83113] [615] TGCTGTGCCAA
STRG.3.2 [83114] [616] GCTGTGCCAAA
STRG.3.2 [83115] [617] CTGTGCCAAAA
STRG.3.2 [89145] [71] TATGTATATAT
STRG.3.2 [89616] [535] CCCTTTCCTTC
STRG.3.2 [91860] [834] GTCCTCGGCAT
STRG.3.2 [91861] [835] TCCTCGGCATT
STRG.3.2 [91862] [836] CCTCGGCATTG
STRG.3.2 [91863] [837] CTCGGCATTGC
STRG.3.2 [91864] [838] TCGGCATTGCC
STRG.3.2 [93771] [1448] TTAATGGAGCT
STRG.3.1 [3006] [177] ACATCGAGGTG
STRG.3.1 [5780] [983] ATTGCATTCCA
STRG.3.1 [8853] [1414] ATACAATATTT
STRG.3.1 [8934] [190] GGATGGAAATG
STRG.3.1 [10971] [488] GAGTTTTCCAT
STRG.3.1 [11072] [1198] TTTTAAATATA
STRG.3.1 [11073] [1199] TTTAAATATAA
STRG.3.1 [12064] [1384] AATAAAAAAGT
STRG.3.1 [12065] [1385] ATAAAAAAGTG
STRG.3.1 [12066] [1386] TAAAAAAGTGA
STRG.3.1 [12590] [1300] CAAAAATATGC
STRG.3.1 [15334] [158] CCTTTGGATTG
STRG.3.1 [22521] [1036] AAAGGCGGTGG
STRG.3.1 [25248] [1197] ATTTTAAATAT
STRG.3.1 [25711] [634] GCGAACTTTGG
STRG.3.1 [25712] [635] CGAACTTTGGT
STRG.3.1 [29366] [27] ATCGGAAGGCA
STRG.3.1 [31210] [1428] TTAATAAATAA
STRG.3.1 [34378] [1333] CTTTAGTGAGT
STRG.3.1 [34379] [1334] TTTAGTGAGTA
STRG.3.1 [36878] [394] ACAAAACTATA
STRG.3.1 [38744] [133] ACAGGTGGAGA
STRG.3.1 [38745] [134] CAGGTGGAGAG
STRG.3.1 [42997] [921] TACTTCCCCAC
STRG.3.1 [42998] [922] ACTTCCCCACT
STRG.3.1 [42999] [923] CTTCCCCACTC
STRG.3.1 [50813] [1061] TGGCTTAATGG
STRG.3.1 [51305] [956] GGGCAGGACAT
STRG.3.1 [53674] [41] ATTGATTTTGC
STRG.3.1 [53675] [42] TTGATTTTGCA
STRG.3.1 [53676] [43] TGATTTTGCAG
STRG.3.1 [54822] [1012] GAAAGCAAGCA
STRG.3.1 [55743] [339] TGGTTTATAAC
STRG.3.1 [60862] [137] GTGGAGAGCAC
STRG.3.1 [62384] [816] ACAATAGTTCG
STRG.3.1 [63235] [1430] AATAAATAAAA
STRG.3.1 [65755] [578] TATAGGGATGT
STRG.3.1 [67355] [1050] GTAGGAATGCC
STRG.3.1 [77257] [1432] TAAATAAAATT
STRG.3.1 [80638] [84] ATATGGATGCC
STRG.3.1 [80639] [85] TATGGATGCCT
STRG.3.1 [81042] [241] AAAATATTTTA
STRG.3.1 [83113] [232] TGCTGTGCCAA
STRG.3.1 [83114] [233] GCTGTGCCAAA
STRG.3.1 [83115] [234] CTGTGCCAAAA
STRG.3.1 [91860] [451] GTCCTCGGCAT
STRG.3.1 [91861] [452] TCCTCGGCATT
STRG.3.1 [91862] [453] CCTCGGCATTG
STRG.3.1 [91863] [454] CTCGGCATTGC
STRG.3.1 [91864] [455] TCGGCATTGCC
STRG.3.1 [93771] [1065] TTAATGGAGCT
STRG.3.1 [95622] [121] CAACAGTTTTC
STRG.3.3 [608] [65] AAAATCCTTTG
STRG.3.3 [609] [66] AAATCCTTTGA
STRG.3.3 [610] [67] AATCCTTTGAG
STRG.3.3 [611] [68] ATCCTTTGAGC
STRG.3.3 [5780] [1219] ATTGCATTCCA
STRG.3.3 [8853] [1650] ATACAATATTT
STRG.3.3 [10971] [724] GAGTTTTCCAT
STRG.3.3 [11072] [1434] TTTTAAATATA
STRG.3.3 [11073] [1435] TTTAAATATAA
STRG.3.3 [12064] [1620] AATAAAAAAGT
STRG.3.3 [12065] [1621] ATAAAAAAGTG
STRG.3.3 [12066] [1622] TAAAAAAGTGA
STRG.3.3 [12590] [1536] CAAAAATATGC
STRG.3.3 [16303, 86551] [41] CAAACCATTTT
STRG.3.3 [22521] [1272] AAAGGCGGTGG
STRG.3.3 [23606] [323] TATTTAATTTT
STRG.3.3 [24304] [246] TAAAAACAAAT
STRG.3.3 [25248] [1433] ATTTTAAATAT
STRG.3.3 [25711] [870] GCGAACTTTGG
STRG.3.3 [25712] [871] CGAACTTTGGT
STRG.3.3 [28989, 86553] [43] AACCATTTTGT
STRG.3.3 [31210] [1664] TTAATAAATAA
STRG.3.3 [34378] [1569] CTTTAGTGAGT
STRG.3.3 [34379] [1570] TTTAGTGAGTA
STRG.3.3 [36878] [630] ACAAAACTATA
STRG.3.3 [42997] [1157] TACTTCCCCAC
STRG.3.3 [42998] [1158] ACTTCCCCACT
STRG.3.3 [42999] [1159] CTTCCCCACTC
STRG.3.3 [50813] [1297] TGGCTTAATGG
STRG.3.3 [51305] [1192] GGGCAGGACAT
STRG.3.3 [51458] [6] AGGGAGACAAT
STRG.3.3 [54822] [1248] GAAAGCAAGCA
STRG.3.3 [55093] [410] GTTGTCCCAAG
STRG.3.3 [55743] [575] TGGTTTATAAC
STRG.3.3 [57716] [9] GAGACAATAAT
STRG.3.3 [57717] [10] AGACAATAATA
STRG.3.3 [57718] [11] GACAATAATAA
STRG.3.3 [57846] [265] ATAAGCGATTC
STRG.3.3 [57847] [266] TAAGCGATTCA
STRG.3.3 [62337] [60] ACATTAAAATC
STRG.3.3 [62384] [1052] ACAATAGTTCG
STRG.3.3 [63235] [1666] AATAAATAAAA
STRG.3.3 [65755] [814] TATAGGGATGT
STRG.3.3 [65805] [247] AAAAACAAATA
STRG.3.3 [67355] [1286] GTAGGAATGCC
STRG.3.3 [73020] [111] AATATATTCAT
STRG.3.3 [77257] [1668] TAAATAAAATT
STRG.3.3 [81042] [477] AAAATATTTTA
STRG.3.3 [83107] [400] ATGATGTGCTG
STRG.3.3 [83108] [401] TGATGTGCTGT
STRG.3.3 [83113] [468] TGCTGTGCCAA
STRG.3.3 [83114] [469] GCTGTGCCAAA
STRG.3.3 [83115] [470] CTGTGCCAAAA
STRG.3.3 [84720] [173] TAAGTTACAGT
STRG.3.3 [85609] [325] TTTAATTTTTT
STRG.3.3 [86552] [42] AAACCATTTTG
STRG.3.3 [91860] [687] GTCCTCGGCAT
STRG.3.3 [91861] [688] TCCTCGGCATT
STRG.3.3 [91862] [689] CCTCGGCATTG
STRG.3.3 [91863] [690] CTCGGCATTGC
STRG.3.3 [91864] [691] TCGGCATTGCC
STRG.3.3 [93771] [1301] TTAATGGAGCT
STRG.5.1 [167] [2101] TTGCGCTGCCT
STRG.5.1 [781] [186] TCTGGTTGCCA
STRG.5.1 [782] [187] CTGGTTGCCAT
STRG.5.1 [2131] [1425] TCCAATAGCTT
STRG.5.1 [3979] [2002] CCATCTACGGC
STRG.5.1 [4206] [2250] AAGTTTGGGGA
STRG.5.1 [4483] [2858] AGCAAGTGGCC
STRG.5.1 [4856] [6375] GGATTATTTTA
STRG.5.1 [4857] [6376] GATTATTTTAA
STRG.5.1 [5907] [2538] CGTGAGCCATT
STRG.5.1 [6028] [5133] CCCAACACACT
STRG.5.1 [7599] [2611] TTGGTGGACAA
STRG.5.1 [8390] [4620] GCAGCTGCATC
STRG.5.1 [8672] [1141] ATTTATTTCTC
STRG.5.1 [8673] [1142] TTTATTTCTCG
STRG.5.1 [8674] [1143] TTATTTCTCGT
STRG.5.1 [8935, 97042] [6011] GATGGAAATGG
STRG.5.1 [9146] [6398] ATTTTAAATTA
STRG.5.1 [9507] [2053] CTGTCAATTAT
STRG.5.1 [10468] [6102] GAGTTTTCAAA
STRG.5.1 [11056] [4475] CCTGCAAAACT
STRG.5.1 [11661] [5881] AAGTGGCAATT
STRG.5.1 [13477] [3014] GTGGTTTTTAT
STRG.5.1 [13478, 20881] [3015] TGGTTTTTATT
STRG.5.1 [13479, 20882] [3016] GGTTTTTATTT
STRG.5.1 [13685, 24585] [3897] AACAAATTGCC
STRG.5.1 [13702] [856] CGGAGGAAAAC
STRG.5.1 [13790] [2291] GCCGGAAAATT
STRG.5.1 [14521] [6393] CTTACATTTTA
STRG.5.1 [14662] [2336] AATTAAATGGC
STRG.5.1 [16086] [862] AAAACATTGAA
STRG.5.1 [16230] [2092] AAATAAAAATT
STRG.5.1 [18623] [5437] GCTTCTATGGC
STRG.5.1 [18962] [4523] AAACTTATTAT
STRG.5.1 [19504] [1544] ATCCTGGTCCC
STRG.5.1 [19505] [1545] TCCTGGTCCCC
STRG.5.1 [19506] [1546] CCTGGTCCCCA
STRG.5.1 [19597] [3985] ATCGCTGGCTT
STRG.5.1 [20318] [1121] AATTTCATATC
STRG.5.1 [20557] [4529] ATTATTTGATG
STRG.5.1 [20558] [4530] TTATTTGATGA
STRG.5.1 [20883] [3017] GTTTTTATTTG
STRG.5.1 [21878] [3069] AATACTTTAAA
STRG.5.1 [23146] [477] GCACAGCGGCA
STRG.5.1 [23895] [4337] GGCAACTGAAG
STRG.5.1 [24089] [2799] CGCAGCACAAC
STRG.5.1 [24304] [3893] TAAAAACAAAT
STRG.5.1 [24305] [3894] AAAAACAAATT
STRG.5.1 [25354] [4172] CACAAATTCAG
STRG.5.1 [25355] [4173] ACAAATTCAGC
STRG.5.1 [25441] [2488] ATATAGAAACA
STRG.5.1 [25831] [1396] GTGGCAGCAGC
STRG.5.1 [25987, 39123] [2773] AAAGCAAACAG
STRG.5.1 [25988, 39124] [2774] AAGCAAACAGC
STRG.5.1 [26031] [4720] TTGGAACAAGT
STRG.5.1 [26558] [5214] ACTGAAACTGG
STRG.5.1 [27882] [609] AAAAGCGAGAG
STRG.5.1 [28076, 63233, 98617, 99272] [64] AAAATAAATAA
STRG.5.1 [29188] [142] AAAAAGTTTCC
STRG.5.1 [29189] [143] AAAAGTTTCCA
STRG.5.1 [29918] [3202] ATGCAAGTTTA
STRG.5.1 [29919] [3203] TGCAAGTTTAG
STRG.5.1 [29947] [2436] ATTTGCGAATA
STRG.5.1 [30169] [613] GCGAGAGCTGC
STRG.5.1 [31227] [1002] CGGCAAAAAAT
STRG.5.1 [31228] [1003] GGCAAAAAATT
STRG.5.1 [31240] [3304] ATGCTTCAATA
STRG.5.1 [31653] [3108] CAGTTTAATGA
STRG.5.1 [31654] [3109] AGTTTAATGAT
STRG.5.1 [32719] [4349] TGCACTTGTAC
STRG.5.1 [33155] [4377] ATAATTGTTCA
STRG.5.1 [33662] [513] GAGCGTATCGA
STRG.5.1 [34157] [6020] GGCGAGTGTGT
STRG.5.1 [34175] [5030] CATGTGTTATG
STRG.5.1 [34828] [2059] ATTATCATAAC
STRG.5.1 [34908] [105] TTTCCCAAAAT
STRG.5.1 [34909] [106] TTCCCAAAATG
STRG.5.1 [35027] [1799] TCAAAGTGCAG
STRG.5.1 [35303] [2090] TGAAATAAAAA
STRG.5.1 [35636] [5037] TATGTACATGC
STRG.5.1 [35865] [3946] TTCTGTGGGTG
STRG.5.1 [36132] [2977] CAAGTGGAAAG
STRG.5.1 [36133] [2978] AAGTGGAAAGG
STRG.5.1 [36134] [2979] AGTGGAAAGGC
STRG.5.1 [36135] [2980] GTGGAAAGGCA
STRG.5.1 [36759] [4388] TGCTGCTGCCA
STRG.5.1 [37704] [288] AACATCATCAA
STRG.5.1 [37705] [289] ACATCATCAAC
STRG.5.1 [37734] [6277] ACAACAACAAA
STRG.5.1 [37873] [1529] GAAGGAAAAGC
STRG.5.1 [37874] [1530] AAGGAAAAGCA
STRG.5.1 [38691] [3839] AGTGGCATTTG
STRG.5.1 [39088] [2105] GCTGCCTGCAT
STRG.5.1 [39279] [6222] CCCTTTATTAC
STRG.5.1 [39280] [6223] CCTTTATTACT
STRG.5.1 [40050] [2064] CATAACAAATG
STRG.5.1 [41371] [2737] ATGTGCACTTT
STRG.5.1 [42881] [1380] TCCTTTGGAAA
STRG.5.1 [43162] [2899] ATGTCCTTCAC
STRG.5.1 [43163] [2900] TGTCCTTCACT
STRG.5.1 [43164] [2901] GTCCTTCACTC
STRG.5.1 [43951] [5745] AAAAATGGAAA
STRG.5.1 [44284] [2370] TCTATTAATGT
STRG.5.1 [44896] [5372] GGAGGCATTTA
STRG.5.1 [44917] [4837] ATTTGCTTTTT
STRG.5.1 [45765] [4942] GATACCAAAAT
STRG.5.1 [45869] [4139] TGTTAAGGAAA
STRG.5.1 [46494] [4896] GAAGACCCAGA
STRG.5.1 [47465] [947] TGAGCTGGAAG
STRG.5.1 [47469] [2232] CTGGAAGATGG
STRG.5.1 [47470] [2233] TGGAAGATGGA
STRG.5.1 [47519] [5397] CTACAGGGTAA
STRG.5.1 [48110] [3775] TCGGTCAACTT
STRG.5.1 [48347] [4334] TTTGGCAACTG
STRG.5.1 [48535] [4345] AAGTTGCACTT
STRG.5.1 [48536] [4346] AGTTGCACTTG
STRG.5.1 [48660] [2044] CATTTACAGCT
STRG.5.1 [49184] [2527] AATATGCAAAT
STRG.5.1 [49287] [4479] CAAAACTTGTT
STRG.5.1 [50438] [5919] TTGGCAGCTGC
STRG.5.1 [50439] [5920] TGGCAGCTGCC
STRG.5.1 [50440] [5921] GGCAGCTGCCA
STRG.5.1 [50714] [789] TCCAATGAAGC
STRG.5.1 [51361] [3761] TCGTCTGCAGC
STRG.5.1 [51362] [3762] CGTCTGCAGCA
STRG.5.1 [51889] [3579] CCAAACCCCCA
STRG.5.1 [51890] [3580] CAAACCCCCAA
STRG.5.1 [51891] [3581] AAACCCCCAAT
STRG.5.1 [52455] [1506] ACACGACGTGG
STRG.5.1 [54247] [5965] AAATGGTACTG
STRG.5.1 [54248] [5966] AATGGTACTGC
STRG.5.1 [54249] [5967] ATGGTACTGCA
STRG.5.1 [54250] [5968] TGGTACTGCAG
STRG.5.1 [54951] [5656] ACTTTGAAACA
STRG.5.1 [54993] [5089] AAAAACATTTG
STRG.5.1 [54994] [5090] AAAACATTTGC
STRG.5.1 [55659] [5201] AGGAAATCATT
STRG.5.1 [55660] [5202] GGAAATCATTT
STRG.5.1 [55972] [4559] GGATTTGTGTC
STRG.5.1 [57505] [4469] TTTGGCCCTGC
STRG.5.1 [58113] [5957] AATATTGCAAA
STRG.5.1 [58114] [5958] ATATTGCAAAT
STRG.5.1 [58800] [1760] CAAGAATGCAT
STRG.5.1 [58815] [1801] AAAGTGCAGAT
STRG.5.1 [58816] [1802] AAGTGCAGATA
STRG.5.1 [59069] [1647] GAGGATTTGTA
STRG.5.1 [59360] [5277] TATGAAGCAAT
STRG.5.1 [59522] [5288] GAACGAAGTGT
STRG.5.1 [60711] [5791] AAACGATTTTG
STRG.5.1 [61692] [6049] ACGGAACAACT
STRG.5.1 [61693] [6050] CGGAACAACTG
STRG.5.1 [61870] [2166] CAAAAGAAACC
STRG.5.1 [62372, 72499] [5701] GGAATTTCAAT
STRG.5.1 [62435] [1560] GATTTTGCAAA
STRG.5.1 [62540] [4573] TTTTACTGAAA
STRG.5.1 [62778] [67] ATAAATAAGAA
STRG.5.1 [62779, 91600] [68] TAAATAAGAAA
STRG.5.1 [63231] [62] ATAAAATAAAT
STRG.5.1 [63232] [63] TAAAATAAATA
STRG.5.1 [63284] [4918] ACCTCATGAAT
STRG.5.1 [63388] [6438] ATAACTTTTTT
STRG.5.1 [63853] [4224] ACAGAAAAATT
STRG.5.1 [63892] [3617] TCGCAACCTGA
STRG.5.1 [64230] [365] AAAAATCAGAA
STRG.5.1 [64370, 66926] [965] AATTTTTGCAT
STRG.5.1 [65006] [5334] GATTTTCAAAA
STRG.5.1 [66632] [4609] TACGATCACAG
STRG.5.1 [66779] [6337] AAATTATCATA
STRG.5.1 [67331] [3406] ACACAATGGTA
STRG.5.1 [67720] [2791] CATGCAGTCGC
STRG.5.1 [67721] [2792] ATGCAGTCGCA
STRG.5.1 [67739] [3599] AAAAGCAATAA
STRG.5.1 [67780] [1473] AGGCGAAAAGC
STRG.5.1 [68187] [3529] ATTTTCTAGTC
STRG.5.1 [68410] [3337] TAGACTTTTTG
STRG.5.1 [68600] [5364] AAATTGCAGGA
STRG.5.1 [68601] [5365] AATTGCAGGAG
STRG.5.1 [68602] [5366] ATTGCAGGAGG
STRG.5.1 [71002] [347] TGTTAAAATCA
STRG.5.1 [71089] [1705] ACAAATGCATA
STRG.5.1 [71284] [4477] TGCAAAACTTG
STRG.5.1 [72070, 77758] [5022] GAAGCAGCCAT
STRG.5.1 [72071] [5023] AAGCAGCCATG
STRG.5.1 [72072] [5024] AGCAGCCATGT
STRG.5.1 [72073] [5025] GCAGCCATGTG
STRG.5.1 [72074] [5026] CAGCCATGTGT
STRG.5.1 [72498] [5700] CGGAATTTCAA
STRG.5.1 [72500] [5702] GAATTTCAATA
STRG.5.1 [72501] [5703] AATTTCAATAT
STRG.5.1 [72502] [5704] ATTTCAATATA
STRG.5.1 [72541] [3612] TGTATTCGCAA
STRG.5.1 [72542] [3613] GTATTCGCAAC
STRG.5.1 [73468] [4108] CACAAAGTTTT
STRG.5.1 [73766] [4282] CTGTGGGAAAA
STRG.5.1 [76479] [4474] CCCTGCAAAAC
STRG.5.1 [76503] [5369] GCAGGAGGCAT
STRG.5.1 [76643] [5712] ATAAAACGTTT
STRG.5.1 [77517] [5864] AGTCCTGGAAC
STRG.5.1 [78273] [5380] TTAATCGAATA
STRG.5.1 [78547] [4973] TTGGTTGGAAA
STRG.5.1 [78548] [4974] TGGTTGGAAAA
STRG.5.1 [78549] [4975] GGTTGGAAAAT
STRG.5.1 [79140] [2052] GCTGTCAATTA
STRG.5.1 [79333] [3958] TAAAAAACTTG
STRG.5.1 [79762] [1117] TCGAAATTTCA
STRG.5.1 [80847] [2027] CAAATTTTCTA
STRG.5.1 [80899] [2019] TCTTGTCCCAA
STRG.5.1 [80900] [2020] CTTGTCCCAAA
STRG.5.1 [82217] [5492] GCCAACATTGA
STRG.5.1 [83106] [5163] GATGATGTGCT
STRG.5.1 [83345] [5722] TTATATATGCC
STRG.5.1 [83825] [1051] TTAAACGCATG
STRG.5.1 [83826] [1052] TAAACGCATGT
STRG.5.1 [84850] [3961] AAAACTTGGAG
STRG.5.1 [84851] [3962] AAACTTGGAGC
STRG.5.1 [85946] [2908] ACTCGATGGCT
STRG.5.1 [87154] [2456] TCGAAATATAC
STRG.5.1 [87298] [1339] ATAACTTTGAA
