STRG.32.2	809	40707	TCGCGGCTCCCCAGCAG
STRG.32.1	809	40707	TCGCGGCTCCCCAGCAG
STRG.36.1	63	50395	CGTGTGTCTGTTGTGGC
STRG.46.1	774	60947	ACTCCGCCAGCGCAGGA
STRG.59.3	1561	57564	TCATCATCCTCTCCTCG
STRG.59.1	1561	57564	TCATCATCCTCTCCTCG
STRG.59.2	2349	57564	TCATCATCCTCTCCTCG
STRG.2.2	3774	93660	AATTTCCTTACTATGT
STRG.4.1	1592	16141	TACATATGTATTACAT
STRG.7.1	2242	39139	ATTTTCCTTTAAAAAA
STRG.7.3	2117	39139	ATTTTCCTTTAAAAAA
STRG.7.4	2117	39139	ATTTTCCTTTAAAAAA
STRG.7.2	2090	39139	ATTTTCCTTTAAAAAA
STRG.7.5	2046	39139	ATTTTCCTTTAAAAAA
STRG.7.6	2166	39139	ATTTTCCTTTAAAAAA
STRG.32.2	810	40708	CGCGGCTCCCGAGCAG
STRG.32.1	810	40708	CGCGGCTCCCGAGCAG
STRG.31.2	4289	54069	AAAACGAATTGAAATT
STRG.31.3	3199	54069	AAAACGAATTGAAATT
STRG.14.1	4313	59840	AGCAGCAGCAGAGTAG
STRG.14.1	4313	59843	AGCAGCAGCAGAGTAG
STRG.44.1	3721	97501	GTCCACCGGCAACCGC
STRG.44.2	3721	97501	GTCCACCGGCAACCGC
STRG.58.1	718	76198	TGAGGTGGTCCGGTGG
STRG.59.3	2567	93592	GACTTACAAATAAATA
STRG.1.1	4518	78700	TAAATTTCTTTATTT
STRG.5.1	4837	44917	ATTTGCTTTTTATCT
STRG.5.1	4282	73766	CTGTGGGAAAAGTGA
STRG.8.1	51	43718	ATAAAAGAAGTTGAG
STRG.8.1	692	99188	CACCGCAGCAAAAAA
STRG.18.2	15233	40716	CCGCAGCAGCACAGC
STRG.18.2	15233	75849	CCGCAGCAGCACAGC
STRG.18.2	9451	61887	GGAGCAGCAGGACAG
STRG.18.2	6824	54819	CAGGAAAGCAACACA
STRG.18.2	5528	82617	GCTCCTCCTCCGCTG
STRG.18.1	15287	40716	CCGCAGCAGCACAGC
STRG.18.1	15287	75849	CCGCAGCAGCACAGC
STRG.18.1	9505	61887	GGAGCAGCAGGACAG
STRG.18.1	6878	54819	CAGGAAAGCAACACA
STRG.18.1	5582	82617	GCTCCTCCTCCGCTG
STRG.20.3	460	15814	AATGGAGCGACGGGA
STRG.20.3	4699	17221	GCAACAGCAACACAG
STRG.20.3	1972	58084	AAAAGAGAAAGAGTA
STRG.20.1	10178	15814	AATGGAGCGACGGGA
STRG.20.1	14417	17221	GCAACAGCAACACAG
STRG.20.1	11690	58084	AAAAGAGAAAGAGTA
STRG.20.2	10763	15814	AATGGAGCGACGGGA
STRG.20.2	15002	17221	GCAACAGCAACACAG
STRG.20.2	12275	58084	AAAAGAGAAAGAGTA
STRG.26.1	286	2252	CCAGAAGGACGCGAC
STRG.26.1	176	24574	GCAAAGGCAACACAA
STRG.26.1	1512	88957	TTTTCAAGCACTCGA
STRG.26.2	1308	2252	CCAGAAGGACGCGAC
STRG.26.2	1198	24574	GCAAAGGCAACACAA
STRG.26.2	2534	88957	TTTTCAAGCACTCGA
STRG.27.1	3808	42078	AAGTAAATGCCAAGA
STRG.32.2	811	40709	GCGGCTCCCGCGCAG
STRG.32.1	811	40709	GCGGCTCCCGCGCAG
STRG.31.1	1172	1474	GGAGCTGGAGAGGAG
STRG.31.1	1172	46506	GGAGCTGGAGAGGAG
STRG.31.1	1138	14750	GGCGCCAGCGGTGCC
STRG.31.1	3068	20888	TATTTGTTGTTTATT
STRG.31.2	1172	1474	GGAGCTGGAGAGGAG
STRG.31.2	1172	46506	GGAGCTGGAGAGGAG
STRG.31.2	1138	14750	GGCGCCAGCGGTGCC
STRG.31.2	3068	20888	TATTTGTTGTTTATT
STRG.31.3	1978	20888	TATTTGTTGTTTATT
STRG.34.1	439	49867	TGACTGCGGAAATTA
STRG.13.1	2645	19604	GCTTCGATTTGCGCC
STRG.14.1	4314	59841	GCAGCAGCAGCGTAG
STRG.14.1	1809	69804	AAGGTGGCCATCTTG
STRG.13.2	88	21917	GGCAAGCAGCAACTG
STRG.40.1	1291	31057	GCGACTTTGATTGGG
STRG.40.2	304	31057	GCGACTTTGATTGGG
STRG.38.1	939	41108	TCCTGCTGGCCCCAT
STRG.38.1	2030	91462	ATCGCCGGCGGTTTG
STRG.56.3	426	59833	CCTCAGCAGCACAGC
STRG.58.1	719	76199	GAGGTGGTCCAGTGG
STRG.57.1	2677	9197	TATATAATTGATTAA
STRG.57.2	2677	9197	TATATAATTGATTAA
STRG.48.1	907	75850	CGCAGCAGCAGAGCA
STRG.48.2	907	75850	CGCAGCAGCAGAGCA
STRG.59.3	1397	40769	GCTCCTCCAGCCGAG
STRG.59.1	1397	40769	GCTCCTCCAGCCGAG
STRG.59.2	2185	40769	GCTCCTCCAGCCGAG
STRG.1.1	4881	9817	CAATTAAAAAATAT
STRG.1.1	4264	25397	TGTAAAATATTAAA
STRG.1.1	4519	78701	AAATTTCTTTTTTT
STRG.1.1	1929	68907	ATAGCATTCTGCCA
STRG.1.1	3780	76433	AAATCTATAATACA
STRG.2.1	1220	58090	GAAAGGAGTAAAAA
STRG.2.2	1220	58090	GAAAGGAGTAAAAA
STRG.4.1	470	61222	CTTTAAAAACAATT
STRG.3.2	1815	77257	TAAATAAAATTTGG
STRG.3.2	71	89145	TATGTATATATTAT
STRG.3.2	834	91860	GTCCTCGGCATGCC
STRG.3.1	1432	77257	TAAATAAAATTTGG
STRG.3.1	451	91860	GTCCTCGGCATGCC
STRG.3.3	1668	77257	TAAATAAAATTTGG
STRG.3.3	687	91860	GTCCTCGGCATGCC
STRG.5.1	1546	19506	CCTGGTCCCCAATG
STRG.5.1	64	28076	AAAATAAATAAAAA
STRG.5.1	2436	29947	ATTTGCGAATACTA
STRG.5.1	6337	66779	AAATTATCATATTT
STRG.5.1	5022	72070	GAAGCAGCCATTGT
STRG.5.1	5700	72498	CGGAATTTCAAATA
STRG.6.1	1526	85901	CAAAAATGTATAAA
STRG.7.3	2288	30891	AAAAAATTACAATA
STRG.7.4	2288	30891	AAAAAATTACAATA
STRG.7.2	2261	30891	AAAAAATTACAATA
STRG.7.5	2217	30891	AAAAAATTACAATA
STRG.7.6	2337	30891	AAAAAATTACAATA
STRG.9.2	1996	45672	TACATATGTATTCA
STRG.9.3	2216	45672	TACATATGTATTCA
STRG.12.1	623	61529	AACAAAGAAGCTTT
STRG.12.1	1660	71633	TTGATTACTAATTC
STRG.12.1	1606	85465	AACACTTAAATGCA
STRG.12.1	1570	88758	TTGTTAGGTACAAT
STRG.8.1	19	253	TTTTGTTTTGCTAC
STRG.8.1	580	33184	TGGGGGAGCTAGGG
STRG.8.1	216	85895	GTTTTCCAAAATGT
STRG.18.2	4888	14317	AAATAGCAACATTC
STRG.18.2	15710	39189	GTCTTGAAAACGCT
STRG.18.2	13445	40809	CAGCAGCAGCACTC
STRG.18.2	15234	40717	CGCAGCAGCAGAGC
STRG.18.2	15234	75850	CGCAGCAGCAGAGC
STRG.18.2	15238	40721	GCAGCAGCAGCGCA
STRG.18.2	15238	40805	GCAGCAGCAGCGCA
STRG.18.2	15238	59838	GCAGCAGCAGCGCA
STRG.18.2	15238	75851	GCAGCAGCAGCGCA
STRG.18.2	15238	75854	GCAGCAGCAGCGCA
STRG.18.2	9452	61888	GAGCAGCAGGACAG
STRG.18.2	8273	43359	AAACTGAAGACGAA
STRG.18.2	2292	46203	AAATTGAAGTGAAC
STRG.18.2	13974	47945	CACATTTGCCAAAG
STRG.18.2	10137	48837	AGCCAAAAATTCGG
STRG.18.2	7199	61903	GAGGAGGAGCTCAG
STRG.18.2	1397	90025	GGGGCAGGAGCACG
STRG.18.1	4942	14317	AAATAGCAACATTC
STRG.18.1	15764	39189	GTCTTGAAAACGCT
STRG.18.1	13499	40809	CAGCAGCAGCACTC
STRG.18.1	15288	40717	CGCAGCAGCAGAGC
STRG.18.1	15288	75850	CGCAGCAGCAGAGC
STRG.18.1	15292	40721	GCAGCAGCAGCGCA
STRG.18.1	15292	40805	GCAGCAGCAGCGCA
STRG.18.1	15292	59838	GCAGCAGCAGCGCA
STRG.18.1	15292	75851	GCAGCAGCAGCGCA
STRG.18.1	15292	75854	GCAGCAGCAGCGCA
STRG.18.1	9506	61888	GAGCAGCAGGACAG
STRG.18.1	8327	43359	AAACTGAAGACGAA
STRG.18.1	2292	46203	AAATTGAAGTGAAC
STRG.18.1	14028	47945	CACATTTGCCAAAG
STRG.18.1	10191	48837	AGCCAAAAATTCGG
STRG.18.1	7253	61903	GAGGAGGAGCTCAG
STRG.18.1	18573	76704	AGTTGTATGTTTAA
STRG.18.1	1397	90025	GGGGCAGGAGCACG
STRG.19.1	882	9196	TTATATAATTGTTT
STRG.23.3	2513	47843	AAAAAACAAAGCAA
STRG.23.3	634	91225	CAGGATCAGGGGAC
STRG.23.1	2286	47843	AAAAAACAAAGCAA
STRG.23.1	407	91225	CAGGATCAGGGGAC
STRG.23.2	2286	47843	AAAAAACAAAGCAA
STRG.23.2	407	91225	CAGGATCAGGGGAC
STRG.20.3	3125	7794	AAGAAAAACAATGC
STRG.20.3	7628	12535	GTAATTTTGATATT
STRG.20.3	461	15815	ATGGAGCGACAGGA
STRG.20.3	4700	17222	CAACAGCAACACAG
STRG.20.3	7785	38995	ATGCAAGTCCTGCG
STRG.20.3	5933	75857	GCAGCAGCAGCGCG
STRG.20.3	6125	40795	AGTTCCAGTAGAGC
STRG.20.3	7287	51831	AACAAAGTGCTTTG
STRG.20.3	7320	60213	TTTAAATTATTCTA
STRG.20.3	5324	67358	GGAATGCCGCCCTT
STRG.20.3	2480	97412	GCTGTGGCAGCGCC
STRG.20.1	160	5532	CAACAACAAGAGTT
STRG.20.1	12843	7794	AAGAAAAACAATGC
STRG.20.1	3904	9932	TACAGGAACTGATT
STRG.20.1	17346	12535	GTAATTTTGATATT
STRG.20.1	10179	15815	ATGGAGCGACAGGA
STRG.20.1	2418	17222	CAACAGCAACACAG
STRG.20.1	14418	17222	CAACAGCAACACAG
STRG.20.1	3254	20274	GGCCCAGAATGTGG
STRG.20.1	4902	68294	AATGCAAATTCGAG
STRG.20.1	8076	24203	AAAGAAATTGAGAT
STRG.20.1	414	28729	AGAAAGCAGCACAA
STRG.20.1	9349	33590	ATGGCTGTGAATGT
STRG.20.1	17503	38995	ATGCAAGTCCTGCG
STRG.20.1	15651	75857	GCAGCAGCAGCGCG
STRG.20.1	15843	40795	AGTTCCAGTAGAGC
STRG.20.1	4967	42594	AAAGAAGCGAAGAA
STRG.20.1	17005	51831	AACAAAGTGCTTTG
STRG.20.1	17038	60213	TTTAAATTATTCTA
STRG.20.1	15042	67358	GGAATGCCGCCCTT
STRG.20.1	12198	97412	GCTGTGGCAGCGCC
STRG.20.2	9952	3300	AGGAAACCAAGAGT
STRG.20.2	160	5532	CAACAACAAGAGTT
STRG.20.2	13428	7794	AAGAAAAACAATGC
STRG.20.2	3904	9932	TACAGGAACTGATT
STRG.20.2	17931	12535	GTAATTTTGATATT
STRG.20.2	9814	15151	CACAAGTCTCACCT
STRG.20.2	10764	15815	ATGGAGCGACAGGA
STRG.20.2	2418	17222	CAACAGCAACACAG
STRG.20.2	15003	17222	CAACAGCAACACAG
STRG.20.2	3254	20274	GGCCCAGAATGTGG
STRG.20.2	4902	68294	AATGCAAATTCGAG
STRG.20.2	8076	24203	AAAGAAATTGAGAT
STRG.20.2	414	28729	AGAAAGCAGCACAA
STRG.20.2	9349	33590	ATGGCTGTGAATGT
STRG.20.2	18088	38995	ATGCAAGTCCTGCG
STRG.20.2	16236	75857	GCAGCAGCAGCGCG
STRG.20.2	16428	40795	AGTTCCAGTAGAGC
STRG.20.2	4967	42594	AAAGAAGCGAAGAA
STRG.20.2	17590	51831	AACAAAGTGCTTTG
STRG.20.2	17623	60213	TTTAAATTATTCTA
STRG.20.2	15627	67358	GGAATGCCGCCCTT
STRG.20.2	12783	97412	GCTGTGGCAGCGCC
STRG.21.2	893	34452	TGCATTTGAAGCAA
STRG.21.1	893	34452	TGCATTTGAAGCAA
STRG.22.1	45	62343	AAATCAAATTATAG
STRG.25.2	807	45545	TAATGAATAAGTTA
STRG.25.2	564	70497	TTTGGGTTTCATTT
STRG.25.1	706	45545	TAATGAATAAGTTA
STRG.25.1	463	70497	TTTGGGTTTCATTT
STRG.26.1	287	2253	CAGAAGGACGAGAC
STRG.26.1	2002	23601	TAGTTTATTTATTT
STRG.26.1	177	24575	CAAAGGCAACACAA
STRG.26.1	1940	58204	GCAGCGAGCGCACT
STRG.26.2	1309	2253	CAGAAGGACGAGAC
STRG.26.2	3024	23601	TAGTTTATTTATTT
STRG.26.2	1199	24575	CAAAGGCAACACAA
STRG.26.2	2962	58204	GCAGCGAGCGCACT
STRG.27.1	3242	6866	TTCGGAGGAACGAG
STRG.32.2	812	40710	CGGCTCCCGCACAG
STRG.32.1	812	40710	CGGCTCCCGCACAG
STRG.30.1	67	94079	TTTCGCAGCGTTTT
STRG.31.1	279	27766	GTGCGTGTGTGGTG
STRG.31.1	1173	46507	GAGCTGGAGATGAG
STRG.31.1	2639	47844	AAAAACAAAGGAAA
STRG.31.1	1550	63175	AAGAGAAGGAAGCG
STRG.31.1	2547	83957	GCATGATTACTTTT
STRG.31.2	279	27766	GTGCGTGTGTGGTG
STRG.31.2	1173	46507	GAGCTGGAGATGAG
STRG.31.2	2639	47844	AAAAACAAAGGAAA
STRG.31.2	1550	63175	AAGAGAAGGAAGCG
STRG.31.2	2547	83957	GCATGATTACTTTT
STRG.31.3	1549	47844	AAAAACAAAGGAAA
STRG.31.3	460	63175	AAGAGAAGGAAGCG
STRG.31.3	1457	83957	GCATGATTACTTTT
STRG.33.1	2592	42589	GAAAAAAAGAACGA
STRG.33.1	1921	55330	CCATCGCAGAGGTG
STRG.33.2	2409	42589	GAAAAAAAGAACGA
STRG.33.2	1738	55330	CCATCGCAGAGGTG
STRG.34.1	863	4037	CCTGGCCTTCATCT
STRG.34.1	141	20975	TATGAATACCAGGG
STRG.34.1	1415	88562	GGTAAAACACGCTA
STRG.34.1	1063	97801	GAAGCGCTGAGGCT
STRG.13.1	405	55949	CAGGCAGCTCCTGT
STRG.14.1	4315	59842	CAGCAGCAGCATAG
STRG.14.1	4316	40804	AGCAGCAGCAGAGC
STRG.14.1	4316	40807	AGCAGCAGCAGAGC
STRG.14.1	4316	59837	AGCAGCAGCAGAGC
STRG.14.1	4316	75853	AGCAGCAGCAGAGC
STRG.14.1	4316	75856	AGCAGCAGCAGAGC
STRG.14.1	2483	51546	ACATAGCAAGCGAA
STRG.13.2	2970	11516	TTTGTTATTGTTCG
STRG.15.1	1092	62233	TTTAGCAACAATGA
STRG.40.1	23	55195	TCACACACACAACA
STRG.37.1	598	6179	CCCAAGGACGAGAG
STRG.37.1	147	45379	CAATCTGGGCGCAT
STRG.36.1	231	23118	GTCGAAAGAAGAGG
STRG.36.1	693	40804	AGCAGCAGCAGAGC
STRG.36.1	693	40807	AGCAGCAGCAGAGC
STRG.36.1	693	59837	AGCAGCAGCAGAGC
STRG.36.1	693	75853	AGCAGCAGCAGAGC
STRG.36.1	693	75856	AGCAGCAGCAGAGC
STRG.38.1	940	41109	CCTGCTGGCCGCAT
STRG.44.1	3209	3196	CTATCAAGGATTGC
STRG.44.2	3209	3196	CTATCAAGGATTGC
STRG.52.1	108	10749	AAAACCAAGAAATG
STRG.52.1	1155	45535	GTCAGCCAGCTATG
STRG.52.1	726	80591	GACAGCGACTGGAC
STRG.53.1	42	36513	ATAATTGGTATCGA
STRG.53.2	42	36513	ATAATTGGTATCGA
STRG.53.2	1106	57325	TGGTAGAAGTCAAG
STRG.54.1	41	97079	AAGAAGGAAACGCA
STRG.56.1	368	61673	GGCGGATGGACCTG
STRG.56.2	368	61673	GGCGGATGGACCTG
STRG.56.3	427	59834	CTCAGCAGCAGAGC
STRG.56.3	429	40809	CAGCAGCAGCACTC
STRG.56.3	1566	61673	GGCGGATGGACCTG
STRG.58.1	720	76200	AGGTGGTCCAGTGG
STRG.58.1	720	76209	AGGTGGTCCAGTGG
STRG.57.1	1069	4387	TGACCTTCGGCAGC
STRG.57.1	1968	58424	GGAAACGGAAAGGA
STRG.57.1	1790	76255	CCAGGAGCTCTGTT
STRG.57.2	1069	4387	TGACCTTCGGCAGC
STRG.57.2	1968	58424	GGAAACGGAAAGGA
STRG.57.2	1790	76255	CCAGGAGCTCTGTT
STRG.48.1	328	12374	CAATCGGAAAATGG
STRG.48.1	907	40717	CGCAGCAGCAGAGC
STRG.48.1	241	49022	GCAATTGCAGCGCA
STRG.48.1	1248	49232	TGCGCAGCCATGCA
STRG.48.1	823	92683	GGATCGGGCTCGAG
STRG.48.2	328	12374	CAATCGGAAAATGG
STRG.48.2	907	40717	CGCAGCAGCAGAGC
STRG.48.2	241	49022	GCAATTGCAGCGCA
STRG.48.2	1248	49232	TGCGCAGCCATGCA
STRG.48.2	823	92683	GGATCGGGCTCGAG
STRG.47.2	814	69578	AGCAGAAGGAGAGA
STRG.47.1	814	69578	AGCAGAAGGAGAGA
STRG.49.2	685	61661	CGGATGGCGGAGGC
STRG.49.1	605	61661	CGGATGGCGGAGGC
STRG.60.1	1038	80039	TGGCTCCTCCTCAG
STRG.59.3	922	28831	GCGGCCAACAGAGC
STRG.59.3	1398	40770	CTCCTCCAGCTGAG
STRG.59.3	1561	57534	TCATCATCCTCTCC
STRG.59.3	367	67064	CTTTTGGACAAAAT
STRG.59.1	922	28831	GCGGCCAACAGAGC
STRG.59.1	1398	40770	CTCCTCCAGCTGAG
STRG.59.1	1561	57534	TCATCATCCTCTCC
STRG.59.1	367	67064	CTTTTGGACAAAAT
STRG.59.2	1710	28831	GCGGCCAACAGAGC
STRG.59.2	2186	40770	CTCCTCCAGCTGAG
STRG.59.2	2349	57534	TCATCATCCTCTCC
STRG.59.2	1155	67064	CTTTTGGACAAAAT
STRG.1.1	822	4822	GGAACAGAAGGGG
STRG.1.1	4135	4943	ATTTATGATTTAT
STRG.1.1	3602	9318	TTTGTGTTCTATA
STRG.1.1	4084	13506	TTCATTTTTTATT
STRG.1.1	1156	19111	TAGATAACCCAAA
STRG.1.1	4394	25686	GATAAATAATTAA
STRG.1.1	1215	28240	AAAAGCATAAACG
STRG.1.1	3024	61819	GGAGAGGCGGACC
STRG.1.1	451	66891	ACCTTTTTGCTAT
STRG.1.1	3661	73447	CCAACAAAGCCGT
STRG.1.1	585	76797	GTTGAATTGTAGG
STRG.1.1	4520	78702	AATTTCTTTTATT
STRG.1.1	4522	85534	TTTCTTTTATTTC
STRG.1.1	2297	84048	CACTTTAAACCAA
STRG.2.1	1619	5396	GGAGGATGAAGAC
STRG.2.1	2691	11270	GAAGTATTTCCAG
STRG.2.1	1005	57552	TCCTCATCCTCTC
STRG.2.1	595	63115	AAAGTGTGTTTTT
STRG.2.1	1968	66137	CCATATTTGGCCC
STRG.2.2	1619	5396	GGAGGATGAAGAC
STRG.2.2	2691	11270	GAAGTATTTCCAG
STRG.2.2	3772	43858	AAAATTTCCTTCG
STRG.2.2	1005	57552	TCCTCATCCTCTC
STRG.2.2	595	63115	AAAGTGTGTTTTT
STRG.2.2	1968	66137	CCATATTTGGCCC
STRG.4.1	2628	8314	CAGAAGGTACATA
STRG.4.1	2661	11801	AAAAGAAAACTAA
STRG.4.1	1967	20697	AATATTTTATTAA
STRG.4.1	1934	31128	TTAAAAGTTTGTG
STRG.4.1	471	61223	TTTAAAAACACTT
STRG.4.1	1953	93600	AATTAAATAAAAC
STRG.3.2	1797	8853	ATACAATATTTTG
STRG.3.2	353	27402	GATTTCATTGCGC
STRG.3.2	835	91861	TCCTCGGCATTCC
STRG.3.2	838	91864	TCGGCATTGCCTT
STRG.3.1	1414	8853	ATACAATATTTTG
STRG.3.1	85	80639	TATGGATGCCTGG
STRG.3.1	452	91861	TCCTCGGCATTCC
STRG.3.1	455	91864	TCGGCATTGCCTT
STRG.3.3	65	608	AAAATCCTTTGGC
STRG.3.3	1650	8853	ATACAATATTTTG
STRG.3.3	6	51458	AGGGAGACAATAT
STRG.3.3	266	57847	TAAGCGATTCAAA
STRG.3.3	688	91861	TCCTCGGCATTCC
STRG.3.3	691	91864	TCGGCATTGCCTT
STRG.5.1	64	98617	AAAATAAATAAAA
STRG.5.1	2977	36132	CAAGTGGAAAGCA
STRG.5.1	2064	40050	CATAACAAATGCC
STRG.5.1	3775	48110	TCGGTCAACTTAA
STRG.5.1	5965	54247	AAATGGTACTGAG
STRG.5.1	5701	72499	GGAATTTCAATTA
STRG.5.1	5366	68602	ATTGCAGGAGGAT
STRG.5.1	5023	72071	AAGCAGCCATGGT
STRG.5.1	70	91602	AATAAGAAAAGAT
STRG.6.1	1507	8035	TTAGATATTTATT
STRG.6.1	518	84426	AATGGAAATGGAA
STRG.7.1	2254	14699	AAAAATATATTAA
STRG.7.1	331	44458	ACTGCTCCCCCTT
STRG.7.1	911	91947	ATTGCTGAGCTCG
STRG.7.3	2129	14699	AAAAATATATTAA
STRG.7.3	206	44458	ACTGCTCCCCCTT
STRG.7.3	2152	52786	GAAAAGTATAATT
STRG.7.3	786	91947	ATTGCTGAGCTCG
STRG.7.4	2129	14699	AAAAATATATTAA
STRG.7.4	206	44458	ACTGCTCCCCCTT
STRG.7.4	2152	52786	GAAAAGTATAATT
STRG.7.4	786	91947	ATTGCTGAGCTCG
STRG.7.2	2102	14699	AAAAATATATTAA
STRG.7.2	179	44458	ACTGCTCCCCCTT
STRG.7.2	2125	52786	GAAAAGTATAATT
STRG.7.2	759	91947	ATTGCTGAGCTCG
STRG.7.5	2058	14699	AAAAATATATTAA
STRG.7.5	135	44458	ACTGCTCCCCCTT
STRG.7.5	2081	52786	GAAAAGTATAATT
STRG.7.5	715	91947	ATTGCTGAGCTCG
STRG.7.6	2178	14699	AAAAATATATTAA
STRG.7.6	255	44458	ACTGCTCCCCCTT
STRG.7.6	2201	52786	GAAAAGTATAATT
STRG.7.6	835	91947	ATTGCTGAGCTCG
STRG.10.5	335	26000	CAGACCTACGAAA
STRG.10.5	184	51646	GTTTAAATTAATC
STRG.9.1	63	62908	ACAGAAACAGAAC
STRG.9.1	706	68208	TACACTTTATTGA
STRG.9.1	1406	75328	ATGTTTAATTTTT
STRG.9.2	1731	33441	AAACATTTTGGAT
STRG.9.2	63	62908	ACAGAAACAGAAC
STRG.9.2	706	68208	TACACTTTATTGA
STRG.9.2	1406	75328	ATGTTTAATTTTT
STRG.9.3	1951	33441	AAACATTTTGGAT
STRG.9.3	63	62908	ACAGAAACAGAAC
STRG.9.3	926	68208	TACACTTTATTGA
STRG.9.3	1626	75328	ATGTTTAATTTTT
STRG.11.1	31	84210	TTGTGTGTTTATT
STRG.12.1	102	21892	TGTGCGAAATTGC
STRG.12.1	1607	85466	ACACTTAAATTCA
STRG.12.1	1571	88759	TGTTAGGTACAAT
STRG.12.1	1600	89048	ATGCTTAACACTA
STRG.10.6	547	26000	CAGACCTACGAAA
STRG.10.1	164	26000	CAGACCTACGAAA
STRG.10.4	301	26000	CAGACCTACGAAA
STRG.10.3	1014	14413	GGCCATCAGCAAA
STRG.10.3	1014	89842	GGCCATCAGCAAA
STRG.10.3	788	19257	CACTGGAGAACAG
STRG.10.3	1104	29941	GTCTATATTTGGA
STRG.10.3	219	56235	ACCAAAAGACCAA
STRG.10.3	355	58044	TAATGCAATTAAA
STRG.10.2	894	14413	GGCCATCAGCAAA
STRG.10.2	894	89842	GGCCATCAGCAAA
STRG.10.2	668	19257	CACTGGAGAACAG
STRG.10.2	984	29941	GTCTATATTTGGA
STRG.10.2	99	56235	ACCAAAAGACCAA
STRG.10.2	235	58044	TAATGCAATTAAA
STRG.8.1	20	254	TTTGTTTTGCTAC
STRG.8.1	424	11190	GTTTTCCAAACAA
STRG.8.1	328	21792	GGCCAGAAAGTTG
STRG.8.1	539	51083	CAAATAATTGCTT
STRG.8.1	483	68246	TATACTGCGCCTG
STRG.18.2	6682	36144	CAAGGAAAATGCA
STRG.18.2	16575	5756	GAGCGTCGCTTCC
STRG.18.2	16860	11352	TATTTCCATCAGC
STRG.18.2	5604	17125	GCTCTGGAAATAT
STRG.18.2	2876	37935	CAGCAACAACAAG
STRG.18.2	13080	18627	CTATGGCCCAAAA
STRG.18.2	7559	24207	AAATTGATGATTT
STRG.18.2	5555	27596	CCTCCACCTCTCC
STRG.18.2	2102	30176	CTGCCTGCCCGTC
STRG.18.2	13015	31585	GCGAGCAGTGGAA
STRG.18.2	7427	34508	GAGCTCAGCTCGC
STRG.18.2	9195	36422	GAGAACAGCAAAT
STRG.18.2	15724	37257	TCAGCAGCAGGCA
STRG.18.2	7755	37789	GCGCCAAAAAGAG
STRG.18.2	9833	38142	AAAACTCCAACAT
STRG.18.2	12269	40734	CAGCAACAGCAAA
STRG.18.2	844	40576	CAACAGCAGCACA
STRG.18.2	13445	40719	CAGCAGCAGCACT
STRG.18.2	15449	40806	CAGCAGCAGCACA
STRG.18.2	15449	59836	CAGCAGCAGCACA
STRG.18.2	15449	59839	CAGCAGCAGCACA
STRG.18.2	15449	75852	CAGCAGCAGCACA
STRG.18.2	15449	75855	CAGCAGCAGCACA
STRG.18.2	13446	40810	AGCAGCAGCAGTC
STRG.18.2	9453	61889	AGCAGCAGGAAAG
STRG.18.2	15235	40718	GCAGCAGCAGCGC
STRG.18.2	15235	40721	GCAGCAGCAGCGC
STRG.18.2	15235	40805	GCAGCAGCAGCGC
STRG.18.2	15235	40808	GCAGCAGCAGCGC
STRG.18.2	15235	59838	GCAGCAGCAGCGC
STRG.18.2	15235	75851	GCAGCAGCAGCGC
STRG.18.2	15235	75854	GCAGCAGCAGCGC
STRG.18.2	15235	75857	GCAGCAGCAGCGC
STRG.18.2	15238	40718	GCAGCAGCAGCGC
STRG.18.2	15238	40808	GCAGCAGCAGCGC
STRG.18.2	15238	75857	GCAGCAGCAGCGC
STRG.18.2	9450	42495	CGGAGCAGCAGAA
STRG.18.2	12491	43211	CAGCCAAACCACA
STRG.18.2	3282	46988	GTCAAACCGTCAC
STRG.18.2	13975	47946	ACATTTGCCAAAG
STRG.18.2	6836	48147	CACAGTGCTGGGG
STRG.18.2	6484	48460	GCAAAGGGAAAGG
STRG.18.2	13543	48754	GTTGACAGCTGAG
STRG.18.2	10194	49583	AGGAAAGCAAGCC
STRG.18.2	7059	54213	GTTCCGCCTCGCC
STRG.18.2	5442	57553	CCTCATCCTCACA
STRG.18.2	4066	57859	AAGTAGTTTAATC
STRG.18.2	13153	58547	CGAAACGGAGACA
STRG.18.2	12371	59833	CCTCAGCAGCACA
STRG.18.2	15587	59833	CCTCAGCAGCACA
STRG.18.2	13444	59835	TCAGCAGCAGCGC
STRG.18.2	11647	61010	GCTACAAAAAAGA
STRG.18.2	7200	61904	AGGAGGAGCTGAG
STRG.18.2	8726	64507	AAGAAATCGAAAG
STRG.18.2	16020	70154	TTCCCCACAGTTG
STRG.18.2	6341	72368	GAAAAGGAGCACG
STRG.18.2	8244	72862	ATGATTCAAATCT
STRG.18.2	15542	74082	CATCCTGGCATCT
STRG.18.2	1087	82930	TGGCAGTGGCATG
STRG.18.2	5506	77480	CCCGCCTTTGCGA
STRG.18.2	5530	80043	TCCTCCTCCAGTG
STRG.18.2	5525	82614	GCTGCTCCTCCCC
STRG.18.2	9619	84095	AGCTGCTAGCAAC
STRG.18.2	3476	91596	ACGTTAAATAAAA
STRG.18.2	15159	95332	CAACAGCACACCT
STRG.18.1	6736	36144	CAAGGAAAATGCA
STRG.18.1	16629	5756	GAGCGTCGCTTCC
STRG.18.1	16914	11352	TATTTCCATCAGC
STRG.18.1	5658	17125	GCTCTGGAAATAT
STRG.18.1	2876	37935	CAGCAACAACAAG
STRG.18.1	13134	18627	CTATGGCCCAAAA
STRG.18.1	7613	24207	AAATTGATGATTT
STRG.18.1	5609	27596	CCTCCACCTCTCC
STRG.18.1	2102	30176	CTGCCTGCCCGTC
STRG.18.1	13069	31585	GCGAGCAGTGGAA
STRG.18.1	7481	34508	GAGCTCAGCTCGC
STRG.18.1	9249	36422	GAGAACAGCAAAT
STRG.18.1	15778	37257	TCAGCAGCAGGCA
STRG.18.1	7809	37789	GCGCCAAAAAGAG
STRG.18.1	9887	38142	AAAACTCCAACAT
STRG.18.1	12323	40734	CAGCAACAGCAAA
STRG.18.1	844	40576	CAACAGCAGCACA
STRG.18.1	13499	40719	CAGCAGCAGCACT
STRG.18.1	15503	40806	CAGCAGCAGCACA
STRG.18.1	15503	59836	CAGCAGCAGCACA
STRG.18.1	15503	59839	CAGCAGCAGCACA
STRG.18.1	15503	75852	CAGCAGCAGCACA
STRG.18.1	15503	75855	CAGCAGCAGCACA
STRG.18.1	13500	40810	AGCAGCAGCAGTC
STRG.18.1	9507	61889	AGCAGCAGGAAAG
STRG.18.1	15289	40718	GCAGCAGCAGCGC
STRG.18.1	15289	40721	GCAGCAGCAGCGC
STRG.18.1	15289	40805	GCAGCAGCAGCGC
STRG.18.1	15289	40808	GCAGCAGCAGCGC
STRG.18.1	15289	59838	GCAGCAGCAGCGC
STRG.18.1	15289	75851	GCAGCAGCAGCGC
STRG.18.1	15289	75854	GCAGCAGCAGCGC
STRG.18.1	15289	75857	GCAGCAGCAGCGC
STRG.18.1	15292	40718	GCAGCAGCAGCGC
STRG.18.1	15292	40808	GCAGCAGCAGCGC
STRG.18.1	15292	75857	GCAGCAGCAGCGC
STRG.18.1	9504	42495	CGGAGCAGCAGAA
STRG.18.1	12545	43211	CAGCCAAACCACA
STRG.18.1	3282	46988	GTCAAACCGTCAC
STRG.18.1	14029	47946	ACATTTGCCAAAG
STRG.18.1	6890	48147	CACAGTGCTGGGG
STRG.18.1	6538	48460	GCAAAGGGAAAGG
STRG.18.1	13597	48754	GTTGACAGCTGAG
STRG.18.1	10248	49583	AGGAAAGCAAGCC
STRG.18.1	7113	54213	GTTCCGCCTCGCC
STRG.18.1	5496	57553	CCTCATCCTCACA
STRG.18.1	4120	57859	AAGTAGTTTAATC
STRG.18.1	13207	58547	CGAAACGGAGACA
STRG.18.1	12425	59833	CCTCAGCAGCACA
STRG.18.1	15641	59833	CCTCAGCAGCACA
STRG.18.1	13498	59835	TCAGCAGCAGCGC
STRG.18.1	11701	61010	GCTACAAAAAAGA
STRG.18.1	7254	61904	AGGAGGAGCTGAG
STRG.18.1	17343	62944	CAAACAAAACGAA
STRG.18.1	8780	64507	AAGAAATCGAAAG
STRG.18.1	16074	70154	TTCCCCACAGTTG
STRG.18.1	6395	72368	GAAAAGGAGCACG
STRG.18.1	8298	72862	ATGATTCAAATCT
STRG.18.1	15596	74082	CATCCTGGCATCT
STRG.18.1	1087	82930	TGGCAGTGGCATG
STRG.18.1	5560	77480	CCCGCCTTTGCGA
STRG.18.1	5584	80043	TCCTCCTCCAGTG
STRG.18.1	5579	82614	GCTGCTCCTCCCC
STRG.18.1	9673	84095	AGCTGCTAGCAAC
STRG.18.1	18844	87225	TACACTTATTTAT
STRG.18.1	3476	91596	ACGTTAAATAAAA
STRG.18.1	15213	95332	CAACAGCACACCT
STRG.19.1	297	40577	AACAGCAGCAGAG
STRG.23.3	1516	1325	CATGTGGAGCGAT
STRG.23.3	948	2910	CGGCGAGGTGTTG
STRG.23.3	982	66968	CAAAAATTGAAAA
STRG.23.3	2853	58824	ATACATTTGTATT
STRG.23.3	2687	66056	CCGTGTTTAACCG
STRG.23.3	2690	66059	TGTTTAACACGGT
STRG.23.3	2476	71171	CACTAATTAAATG
STRG.23.3	2736	76904	TTGGTAAACAAAC
STRG.23.3	2838	88611	TATATATTGTAAT
STRG.23.1	1289	1325	CATGTGGAGCGAT
STRG.23.1	721	2910	CGGCGAGGTGTTG
STRG.23.1	755	66968	CAAAAATTGAAAA
STRG.23.1	2626	58824	ATACATTTGTATT
STRG.23.1	2460	66056	CCGTGTTTAACCG
STRG.23.1	2463	66059	TGTTTAACACGGT
STRG.23.1	2249	71171	CACTAATTAAATG
STRG.23.1	2509	76904	TTGGTAAACAAAC
STRG.23.1	2611	88611	TATATATTGTAAT
STRG.23.2	1289	1325	CATGTGGAGCGAT
STRG.23.2	721	2910	CGGCGAGGTGTTG
STRG.23.2	755	66968	CAAAAATTGAAAA
STRG.23.2	2626	58824	ATACATTTGTATT
STRG.23.2	2460	66056	CCGTGTTTAACCG
STRG.23.2	2463	66059	TGTTTAACACGGT
STRG.23.2	2249	71171	CACTAATTAAATG
STRG.23.2	2509	76904	TTGGTAAACAAAC
STRG.23.2	2611	88611	TATATATTGTAAT
STRG.20.3	648	1711	GGACCAAGTTCAA
STRG.20.3	3126	7795	AGAAAAACAATGC
STRG.20.3	462	15816	TGGAGCGACAGGA
STRG.20.3	4701	17223	AACAGCAACAAAG
STRG.20.3	7822	52780	TTTATTGAAAATA
STRG.20.3	164	37730	GGCAACAACAAAA
STRG.20.3	3066	26868	CCGCTTTTCCCCG
STRG.20.3	4016	37373	TGGCTTACGGAAA
STRG.20.3	7786	38996	TGCAAGTCCTGCG
STRG.20.3	4697	40573	CAGCAACAGCACA
STRG.20.3	5933	40718	GCAGCAGCAGCGC
STRG.20.3	5933	40721	GCAGCAGCAGCGC
STRG.20.3	5933	40805	GCAGCAGCAGCGC
STRG.20.3	5933	40808	GCAGCAGCAGCGC
STRG.20.3	5933	59838	GCAGCAGCAGCGC
STRG.20.3	5933	75851	GCAGCAGCAGCGC
STRG.20.3	5933	75854	GCAGCAGCAGCGC
STRG.20.3	2501	59160	GCAGCTGCAGCGG
STRG.20.3	6126	40796	GTTCCAGTAGCGC
STRG.20.3	1113	48994	AGGCAGAGAAGTA
STRG.20.3	5189	49656	ACCACACCCACGC
STRG.20.3	7838	54780	ATTTTTTAATTAA
STRG.20.3	343	58911	CTTCAGCAGCTCT
STRG.20.3	5763	58946	CTTCTGCCTCAGA
STRG.20.3	792	64507	AAGAAATCGAAAG
STRG.20.3	4108	80155	AATGGAGAGCGCT
STRG.20.3	1379	98208	ATAAAGGGTAAGA
STRG.20.1	10366	1711	GGACCAAGTTCAA
STRG.20.1	12844	7795	AGAAAAACAATGC
STRG.20.1	527	8934	GGATGGAAATGAC
STRG.20.1	1731	14984	CAGCTTTCCCCCA
STRG.20.1	10180	15816	TGGAGCGACAGGA
STRG.20.1	14419	17223	AACAGCAACAAAG
STRG.20.1	2413	17226	AGCAACAACAGAA
STRG.20.1	8562	19182	GCATTAGCTGCTT
STRG.20.1	17540	52780	TTTATTGAAAATA
STRG.20.1	1931	61153	GCCACGCCCACGC
STRG.20.1	1841	37937	GCAACAACAAAGC
STRG.20.1	12784	26868	CCGCTTTTCCCCG
STRG.20.1	4677	27041	GCTGATGGTGAGC
STRG.20.1	6953	27537	CACTTTTGAAAGA
STRG.20.1	82	28144	GTTTCACTGCGAT
STRG.20.1	13734	37373	TGGCTTACGGAAA
STRG.20.1	4971	37869	AAGCGAAGGAAAG
STRG.20.1	1838	37934	GCAGCAACAACAA
STRG.20.1	17504	38996	TGCAAGTCCTGCG
STRG.20.1	14415	40573	CAGCAACAGCACA
STRG.20.1	2406	40806	CAGCAGCAGCACA
STRG.20.1	2406	59836	CAGCAGCAGCACA
STRG.20.1	2406	59839	CAGCAGCAGCACA
STRG.20.1	2406	75852	CAGCAGCAGCACA
STRG.20.1	2406	75855	CAGCAGCAGCACA
STRG.20.1	9969	40718	GCAGCAGCAGCGC
STRG.20.1	9969	40721	GCAGCAGCAGCGC
STRG.20.1	9969	40805	GCAGCAGCAGCGC
STRG.20.1	9969	40808	GCAGCAGCAGCGC
STRG.20.1	9969	59838	GCAGCAGCAGCGC
STRG.20.1	9969	75851	GCAGCAGCAGCGC
STRG.20.1	9969	75854	GCAGCAGCAGCGC
STRG.20.1	9969	75857	GCAGCAGCAGCGC
STRG.20.1	15651	40718	GCAGCAGCAGCGC
STRG.20.1	15651	40721	GCAGCAGCAGCGC
STRG.20.1	15651	40805	GCAGCAGCAGCGC
STRG.20.1	15651	40808	GCAGCAGCAGCGC
STRG.20.1	15651	59838	GCAGCAGCAGCGC
STRG.20.1	15651	75851	GCAGCAGCAGCGC
STRG.20.1	15651	75854	GCAGCAGCAGCGC
STRG.20.1	12219	59160	GCAGCTGCAGCGG
STRG.20.1	15844	40796	GTTCCAGTAGCGC
STRG.20.1	7299	45178	TTGGCGCCCAAGA
STRG.20.1	10831	48994	AGGCAGAGAAGTA
STRG.20.1	14907	49656	ACCACACCCACGC
STRG.20.1	9181	54362	TCTATTATATTAA
STRG.20.1	17556	54780	ATTTTTTAATTAA
STRG.20.1	15481	58946	CTTCTGCCTCAGA
STRG.20.1	3315	59151	GCGGCAGTTGCGC
STRG.20.1	10510	64507	AAGAAATCGAAAG
STRG.20.1	9252	69152	CTCCCCATTCGCC
STRG.20.1	9845	74871	TATGCAAATGCGC
STRG.20.1	4438	78127	AGAAGCCCCGCAG
STRG.20.1	7711	79438	TCGATGGGCGCTT
STRG.20.1	13826	80155	AATGGAGAGCGCT
STRG.20.1	9028	81526	ATGCCAGCGCATA
STRG.20.1	11097	98208	ATAAAGGGTAAGA
STRG.20.2	10951	1711	GGACCAAGTTCAA
STRG.20.2	13429	7795	AGAAAAACAATGC
STRG.20.2	527	8934	GGATGGAAATGAC
STRG.20.2	1731	14984	CAGCTTTCCCCCA
STRG.20.2	9815	15152	ACAAGTCTCAGCT
STRG.20.2	10765	15816	TGGAGCGACAGGA
STRG.20.2	15004	17223	AACAGCAACAAAG
STRG.20.2	2413	17226	AGCAACAACAGAA
STRG.20.2	8562	19182	GCATTAGCTGCTT
STRG.20.2	18125	52780	TTTATTGAAAATA
STRG.20.2	1931	61153	GCCACGCCCACGC
STRG.20.2	1841	37937	GCAACAACAAAGC
STRG.20.2	13369	26868	CCGCTTTTCCCCG
STRG.20.2	4677	27041	GCTGATGGTGAGC
STRG.20.2	6953	27537	CACTTTTGAAAGA
STRG.20.2	82	28144	GTTTCACTGCGAT
STRG.20.2	14319	37373	TGGCTTACGGAAA
STRG.20.2	4971	37869	AAGCGAAGGAAAG
STRG.20.2	1838	37934	GCAGCAACAACAA
STRG.20.2	18089	38996	TGCAAGTCCTGCG
STRG.20.2	15000	40573	CAGCAACAGCACA
STRG.20.2	2406	40806	CAGCAGCAGCACA
STRG.20.2	2406	59836	CAGCAGCAGCACA
STRG.20.2	2406	59839	CAGCAGCAGCACA
STRG.20.2	2406	75852	CAGCAGCAGCACA
STRG.20.2	2406	75855	CAGCAGCAGCACA
STRG.20.2	10554	40718	GCAGCAGCAGCGC
STRG.20.2	10554	40721	GCAGCAGCAGCGC
STRG.20.2	10554	40805	GCAGCAGCAGCGC
STRG.20.2	10554	40808	GCAGCAGCAGCGC
STRG.20.2	10554	59838	GCAGCAGCAGCGC
STRG.20.2	10554	75851	GCAGCAGCAGCGC
STRG.20.2	10554	75854	GCAGCAGCAGCGC
STRG.20.2	10554	75857	GCAGCAGCAGCGC
STRG.20.2	16236	40718	GCAGCAGCAGCGC
STRG.20.2	16236	40721	GCAGCAGCAGCGC
STRG.20.2	16236	40805	GCAGCAGCAGCGC
STRG.20.2	16236	40808	GCAGCAGCAGCGC
STRG.20.2	16236	59838	GCAGCAGCAGCGC
STRG.20.2	16236	75851	GCAGCAGCAGCGC
STRG.20.2	16236	75854	GCAGCAGCAGCGC
STRG.20.2	12804	59160	GCAGCTGCAGCGG
STRG.20.2	16429	40796	GTTCCAGTAGCGC
STRG.20.2	7299	45178	TTGGCGCCCAAGA
STRG.20.2	11416	48994	AGGCAGAGAAGTA
STRG.20.2	15492	49656	ACCACACCCACGC
STRG.20.2	9181	54362	TCTATTATATTAA
STRG.20.2	18141	54780	ATTTTTTAATTAA
STRG.20.2	9762	57583	GCAACTCCTGATT
STRG.20.2	16066	58946	CTTCTGCCTCAGA
STRG.20.2	3315	59151	GCGGCAGTTGCGC
STRG.20.2	11095	64507	AAGAAATCGAAAG
STRG.20.2	9252	69152	CTCCCCATTCGCC
STRG.20.2	10430	74871	TATGCAAATGCGC
STRG.20.2	4438	78127	AGAAGCCCCGCAG
STRG.20.2	7711	79438	TCGATGGGCGCTT
STRG.20.2	14411	80155	AATGGAGAGCGCT
STRG.20.2	9028	81526	ATGCCAGCGCATA
STRG.20.2	11682	98208	ATAAAGGGTAAGA
STRG.21.2	979	18388	AATAAGTTGGCAG
STRG.21.2	420	60285	TTCAATGGGGATT
STRG.21.1	420	60285	TTCAATGGGGATT
STRG.22.1	44	17911	AAAATCAAATTAT
STRG.22.1	445	29670	CGCAGGACCACGC
STRG.22.1	747	32913	AATGTGCGCCACA
STRG.24.1	178	45243	AGTGGAGGCGGGG
STRG.25.2	808	45546	AATGAATAAGTTA
STRG.25.2	565	70498	TTGGGTTTCAATT
STRG.25.2	608	75021	CCCTAAAGGACTG
STRG.25.1	707	45546	AATGAATAAGTTA
STRG.25.1	783	63235	AATAAATAAAAAT
STRG.25.1	464	70498	TTGGGTTTCAATT
STRG.25.1	507	75021	CCCTAAAGGACTG
STRG.25.1	778	99269	TAAAAAATAAAAA
STRG.26.1	288	2254	AGAAGGACGACAC
STRG.26.1	178	24576	AAAGGCAACAAAA
STRG.26.1	1683	38980	CCGCCAAAGACAA
STRG.26.1	143	49346	AATCAAAATGCAA
STRG.26.2	1310	2254	AGAAGGACGACAC
STRG.26.2	396	12703	TTTAAGTACTGAT
STRG.26.2	1200	24576	AAAGGCAACAAAA
STRG.26.2	637	37589	AGCAACAAATGGC
STRG.26.2	2705	38980	CCGCCAAAGACAA
STRG.26.2	888	43084	ATGGCAATGCTGC
STRG.26.2	1165	49346	AATCAAAATGCAA
STRG.26.2	621	86293	CTCAACGTGAACT
STRG.27.1	3243	6867	TCGGAGGAACGAG
STRG.27.1	272	34822	CCAAACATTATAT
STRG.27.1	2453	38575	AGAAGGGAAAGAG
STRG.27.1	3661	60019	CGAAACTAGAATA
STRG.27.1	3832	85583	ATTTATTTTCATA
STRG.27.1	3416	65849	GTTTTTGTTCTAG
STRG.28.1	599	37340	GAAGCCAAGGATC
STRG.28.1	77	59160	GCAGCTGCAGCGG
STRG.28.1	844	83333	GCTGTGACCCGTT
STRG.32.2	372	31854	GCCAAATCCGCGA
STRG.32.2	1239	35071	ATAATAATAAATT
STRG.32.2	813	40711	GGCTCCCGCAGAG
STRG.32.2	1427	51616	TTATATTTCCAGC
STRG.32.1	372	31854	GCCAAATCCGCGA
STRG.32.1	1239	35071	ATAATAATAAATT
STRG.32.1	813	40711	GGCTCCCGCAGAG
STRG.30.1	1093	44644	GAGCAGGGCAACT
STRG.30.1	1749	48010	ATCGTTTTTGAGA
STRG.30.1	382	75839	AAAGGAGCTGCGC
STRG.30.1	385	75842	GGAGCTGCCGCGC
STRG.31.1	3193	58058	CAAAAACAAAGCT
STRG.31.1	2754	35276	ATTAATTTTATCA
STRG.31.1	758	46167	ATAAAGATATGCA
STRG.31.1	1174	46508	AGCTGGAGATGAG
STRG.31.1	1200	56419	CATCCGCAGCGCC
STRG.31.1	1168	61904	AGGAGGAGCTGAG
STRG.31.1	1512	67728	CGCACAGCAACAA
STRG.31.1	1854	68601	AATTGCAGGAGAA
STRG.31.1	1225	79063	TCGCCGGAGTCGC
STRG.31.1	2548	83958	CATGATTACTTTT
STRG.31.2	3982	9010	TTTAAATTTAGTT
STRG.31.2	3894	11202	AACTTATTTAATT
STRG.31.2	3897	11205	TTATTTAACTTTA
STRG.31.2	3193	58058	CAAAAACAAAGCT
STRG.31.2	2754	35276	ATTAATTTTATCA
STRG.31.2	758	46167	ATAAAGATATGCA
STRG.31.2	1174	46508	AGCTGGAGATGAG
STRG.31.2	4455	46563	AACCACAACGGAA
STRG.31.2	3924	51563	ATTTTGCTTAATT
STRG.31.2	1200	56419	CATCCGCAGCGCC
STRG.31.2	1168	61904	AGGAGGAGCTGAG
STRG.31.2	1512	67728	CGCACAGCAACAA
STRG.31.2	1854	68601	AATTGCAGGAGAA
STRG.31.2	1225	79063	TCGCCGGAGTCGC
STRG.31.2	3471	79368	GGAAAAGCGCTAT
STRG.31.2	2548	83958	CATGATTACTTTT
STRG.31.3	108	6587	TTGGGAAAATTAT
STRG.31.3	2892	9010	TTTAAATTTAGTT
STRG.31.3	2804	11202	AACTTATTTAATT
STRG.31.3	2807	11205	TTATTTAACTTTA
STRG.31.3	2103	58058	CAAAAACAAAGCT
STRG.31.3	1664	35276	ATTAATTTTATCA
STRG.31.3	3365	46563	AACCACAACGGAA
STRG.31.3	2834	51563	ATTTTGCTTAATT
STRG.31.3	422	67728	CGCACAGCAACAA
STRG.31.3	764	68601	AATTGCAGGAGAA
STRG.31.3	2381	79368	GGAAAAGCGCTAT
STRG.31.3	1458	83958	CATGATTACTTTT
STRG.33.1	2108	24856	GCTGCGCCGCAGA
STRG.33.1	1158	25754	GCCCAGCTCAAGG
STRG.33.1	2092	91089	TGCCACCGCCGCG
STRG.33.2	1925	24856	GCTGCGCCGCAGA
STRG.33.2	1158	25754	GCCCAGCTCAAGG
STRG.33.2	1909	91089	TGCCACCGCCGCG
STRG.34.1	534	2794	ACCTGCGACTTGC
STRG.34.1	1601	71117	ATTTGTTCAAAGC
STRG.13.1	3225	95216	TTTCCTGCTGCGG
STRG.13.1	1870	97040	ATGATGGAAATGG
STRG.14.1	768	769	AATTTGCTGTCTC
STRG.14.1	3000	6318	GTTAACAAATTTT
STRG.14.1	118	13982	ACAAACAAATTGC
STRG.14.1	3837	67119	AAAACAGAAATAA
STRG.14.1	4146	18280	CAAAAATTTCAAA
STRG.14.1	3565	30299	TCCTGTTTATTGA
STRG.14.1	4313	40804	AGCAGCAGCAGAG
STRG.14.1	4313	40807	AGCAGCAGCAGAG
STRG.14.1	4313	59837	AGCAGCAGCAGAG
STRG.14.1	4313	75853	AGCAGCAGCAGAG
STRG.14.1	4313	75856	AGCAGCAGCAGAG
STRG.14.1	4316	59840	AGCAGCAGCAGAG
STRG.14.1	4316	59843	AGCAGCAGCAGAG
STRG.14.1	2484	51547	CATAGCAAGCTAA
STRG.14.1	592	72903	ACTGCAAAAGCAA
STRG.14.1	1656	86871	TCAATGAAAATGA
STRG.13.2	3137	1640	AATCGAACGTATT
STRG.13.2	503	7886	GAAGTGGAGTGAG
STRG.13.2	505	7893	AGTGGAGTGGACG
STRG.13.2	319	14685	CGTCATGAGTTTT
STRG.13.2	729	17035	CAGGTGGAAACAA
STRG.13.2	1506	18332	TGCTGCGCCACGC
STRG.13.2	2567	43593	TTCAAAAATTGAT
STRG.13.2	2604	37973	GAAATATGATCGT
STRG.13.2	578	38925	ATGCCGGAGGTAA
STRG.13.2	2571	58139	AAAATTGCATTAA
STRG.15.1	715	8024	CTCTGCTGCTATA
STRG.16.1	536	55242	CCCGTTTCCCGCC
STRG.16.2	609	33385	TATCGAGACTCTT
STRG.16.2	676	34220	CTGCCTTTTTGGA
STRG.16.2	536	55242	CCCGTTTCCCGCC
STRG.17.1	92	47858	ACACAGCAAACAA
STRG.17.1	389	58868	TGGTCAACAGACC
STRG.41.2	2668	11806	AAAACTCAAATAA
STRG.41.2	364	28083	ATAATAAATGTAA
STRG.41.2	2250	50625	ACAAGTTGAAATT
STRG.41.2	1858	95700	GTTGGCCATTATT
STRG.41.3	2607	11806	AAAACTCAAATAA
STRG.41.3	303	28083	ATAATAAATGTAA
STRG.41.3	2189	50625	ACAAGTTGAAATT
STRG.41.3	1797	95700	GTTGGCCATTATT
STRG.41.1	92	28083	ATAATAAATGTAA
STRG.41.1	1978	50625	ACAAGTTGAAATT
STRG.41.1	1586	95700	GTTGGCCATTATT
STRG.40.1	23	98835	TCACACACACAAC
STRG.40.1	1357	64434	AATTTAATTTTGT
STRG.40.1	42	92087	TGCCAGCGGCGCA
STRG.40.1	20	98832	GACTCACACACCA
STRG.40.2	370	64434	AATTTAATTTTGT
STRG.42.1	1290	40530	GGCCAACAACACA
STRG.42.2	2492	40530	GGCCAACAACACA
STRG.42.2	326	61176	AATTAGTGCTTTT
STRG.42.2	1078	75444	CAATTTAAAGATT
STRG.42.2	1398	78387	TGTGAATGTGATG
STRG.43.3	28	90400	TAGCGAGCACAGC
STRG.43.3	124	97316	CACTGGAGACGAA
STRG.43.1	28	90400	TAGCGAGCACAGC
STRG.43.1	124	97316	CACTGGAGACGAA
STRG.43.2	28	90400	TAGCGAGCACAGC
STRG.43.2	124	97316	CACTGGAGACGAA
STRG.35.1	1139	36748	CCCTCATCCGCGC
STRG.35.1	1238	92432	GCTCGTCCGGCGC
STRG.37.1	598	21012	CCCAAGGACGAGA
STRG.37.1	599	6180	CCAAGGACGAGAG
STRG.37.1	658	13062	CGAAAAACAAGAA
STRG.36.1	2373	1410	GAAAAGCAGCTAC
STRG.36.1	2260	4334	GAACCCCAATGCA
STRG.36.1	594	15019	CCTTGCTCGTTGC
STRG.36.1	832	21936	CAACAAGGACAGA
STRG.36.1	1341	26121	AGGAGCAGAAAAA
STRG.36.1	1946	32260	CCTGCCACTCCGC
STRG.36.1	693	59840	AGCAGCAGCAGAG
STRG.36.1	693	59843	AGCAGCAGCAGAG
STRG.36.1	694	40718	GCAGCAGCAGCGC
STRG.36.1	694	40721	GCAGCAGCAGCGC
STRG.36.1	694	40805	GCAGCAGCAGCGC
STRG.36.1	694	40808	GCAGCAGCAGCGC
STRG.36.1	694	59838	GCAGCAGCAGCGC
STRG.36.1	694	75851	GCAGCAGCAGCGC
STRG.36.1	694	75854	GCAGCAGCAGCGC
STRG.36.1	694	75857	GCAGCAGCAGCGC
STRG.36.1	669	59511	CTGCGGAGATCAA
STRG.36.1	2621	77120	ATTTTCGCCTTGT
STRG.38.1	1754	12482	GTTCAGCAAGCAA
STRG.38.1	941	41110	CTGCTGGCCGCAT
STRG.38.1	1420	54518	GGGCAACATGGAA
STRG.38.1	2052	78973	CTGAAAGGGCATG
STRG.38.1	1891	96764	TAAGCCCACGCGC
STRG.44.1	686	23151	GCGGCAGAAAGGA
STRG.44.1	65	43953	AAATGGAAAATTT
STRG.44.1	151	44706	ACTGCCGCAGCGC
STRG.44.1	154	44709	GCCGCAGCAGCGG
STRG.44.1	293	91735	ATGAGGATGAGAC
STRG.44.1	581	91951	CTGAGCTCCGCGA
STRG.44.2	686	23151	GCGGCAGAAAGGA
STRG.44.2	65	43953	AAATGGAAAATTT
STRG.44.2	151	44706	ACTGCCGCAGCGC
STRG.44.2	154	44709	GCCGCAGCAGCGG
STRG.44.2	293	91735	ATGAGGATGAGAC
STRG.44.2	581	91951	CTGAGCTCCGCGA
STRG.45.1	976	9368	AACATGAACATAA
STRG.45.1	1034	20320	TTTCATATCGATC
STRG.45.1	77	29891	TTGTTTATTTATT
STRG.45.1	170	97566	GCTGTTTACTTTG
STRG.50.1	199	12671	TCGTGTGCCTCAT
STRG.51.1	663	14225	CGGAGAAGCTCCC
STRG.51.1	1433	54519	GGCAACATGGAAA
STRG.52.1	819	2394	AATCTGTGCACCC
STRG.52.1	1115	11431	TGCCTGCCGGCGG
STRG.52.1	1156	45536	TCAGCCAGCTATG
STRG.52.1	310	61151	CGGCCACGCCCCT
STRG.53.1	501	6282	AAGCGCATTCCTG
STRG.53.1	768	28728	GAGAAAGCAGCGC
STRG.53.2	501	6282	AAGCGCATTCCTG
STRG.53.2	768	28728	GAGAAAGCAGCGC
STRG.53.2	1132	88588	TAGATAGATAAGA
STRG.55.1	104	46825	TGAGGAGCGAGGC
STRG.55.1	331	54148	ACCCACTGCGAGT
STRG.55.1	284	60266	TCTGCGTGATTGG
STRG.55.1	592	94404	ACCCACAGAAAGC
STRG.55.1	1356	94638	TTTTTAATTGCTC
STRG.56.1	1147	6457	TAAACAAATTATA
STRG.56.1	1531	27827	AGCAAAAACAACT
STRG.56.2	1147	6457	TAAACAAATTATA
STRG.56.3	2345	6457	TAAACAAATTATA
STRG.56.3	954	96827	CATGCAAATGCTT
STRG.56.3	1096	15049	GCATTGCAGTGAA
STRG.56.3	2729	27827	AGCAAAAACAACT
STRG.56.3	429	40719	CAGCAGCAGCACT
STRG.56.3	430	40810	AGCAGCAGCAGTC
STRG.56.3	428	59835	TCAGCAGCAGCGC
STRG.58.1	925	25599	CGAGGCGGGCGTG
STRG.58.1	40	32466	CATGGTTGGTTAA
STRG.58.1	721	76201	GGTGGTCCAGGGG
STRG.58.1	721	76210	GGTGGTCCAGGGG
STRG.57.1	1968	10260	GGAAACGGAAAGG
STRG.57.1	320	14396	CAGTGGAAAGTGA
STRG.57.1	2031	28605	GAGCGGCGCAAGA
STRG.57.1	2656	36464	CAAAGGACCTTTT
STRG.57.1	2091	44398	CCAAATCTGGCGG
STRG.57.1	1039	82620	CCTCCTCCTGCGC
STRG.57.1	2476	76052	ACACATATGCACA
STRG.57.1	2564	87777	TATTTAATTATGA
STRG.57.2	1968	10260	GGAAACGGAAAGG
STRG.57.2	3636	9224	TAATTTAAACATT
STRG.57.2	320	14396	CAGTGGAAAGTGA
STRG.57.2	2031	28605	GAGCGGCGCAAGA
STRG.57.2	2656	36464	CAAAGGACCTTTT
STRG.57.2	2091	44398	CCAAATCTGGCGG
STRG.57.2	1039	82620	CCTCCTCCTGCGC
STRG.57.2	2476	76052	ACACATATGCACA
STRG.57.2	2564	87777	TATTTAATTATGA
STRG.48.1	2569	3641	GGAGAATCCGCTC
STRG.48.1	1936	43082	CAATGGCAATGTC
STRG.48.1	432	48837	AGCCAAAAATTCG
STRG.48.1	1249	49233	GCGCAGCCATGCA
STRG.48.1	3217	54774	GTGCTAATTTTTA
STRG.48.1	2519	92088	GCCAGCGGCGCAT
STRG.48.2	1936	43082	CAATGGCAATGTC
STRG.48.2	432	48837	AGCCAAAAATTCG
